This is pdfTeX, Version 3.14159265-2.6-1.40.17 (TeX Live 2016) (preloaded format=latex 2017.3.11)  11 MAR 2017 14:47
entering extended mode
 restricted \write18 enabled.
 %&-line parsing enabled.
**roper_gecco.tex
(./roper_gecco.tex
LaTeX2e <2017/01/01> patch level 3
Babel <3.9r> and hyphenation patterns for 47 language(s) loaded.
! Undefined control sequence.
l.2 \section
            {Introduction}
? 
! Emergency stop.
l.2 \section
            {Introduction}
End of file on the terminal!

 
Here is how much of TeX's memory you used:
 5 strings out of 494114
 143 string characters out of 6155023
 49343 words of memory out of 5000000
 3479 multiletter control sequences out of 15000+600000
 3640 words of font info for 14 fonts, out of 8000000 for 9000
 430 hyphenation exceptions out of 8191
 5i,0n,1p,40b,8s stack positions out of 5000i,500n,10000p,200000b,80000s
No pages of output.
