>> goal = 0.1
Inserted [510, 350, 140, 20] -> 0
Inserted [490, 300, 140, 20] -> 0
Inserted [469, 320, 130, 20] -> 0
Inserted [460, 310, 150, 20] -> 0
Inserted [500, 360, 140, 20] -> 0
Inserted [540, 390, 170, 40] -> 0
Inserted [460, 340, 140, 30] -> 0
Inserted [500, 340, 150, 20] -> 0
Inserted [440, 290, 140, 20] -> 0
Inserted [490, 310, 150, 10] -> 0
Inserted [540, 370, 150, 20] -> 0
Inserted [480, 340, 160, 20] -> 0
Inserted [480, 300, 140, 10] -> 0
Inserted [430, 300, 110, 10] -> 0
Inserted [580, 400, 120, 20] -> 0
Inserted [570, 440, 150, 40] -> 0
Inserted [540, 390, 130, 40] -> 0
Inserted [510, 350, 140, 30] -> 0
Inserted [570, 380, 170, 30] -> 0
Inserted [510, 380, 150, 30] -> 0
Inserted [540, 340, 170, 20] -> 0
Inserted [510, 370, 150, 40] -> 0
Inserted [460, 360, 100, 20] -> 0
Inserted [510, 330, 170, 50] -> 0
Inserted [480, 340, 190, 20] -> 0
Inserted [500, 300, 160, 20] -> 0
Inserted [500, 340, 160, 40] -> 0
Inserted [520, 350, 150, 20] -> 0
Inserted [520, 340, 140, 20] -> 0
Inserted [469, 320, 160, 20] -> 0
Inserted [480, 310, 160, 20] -> 0
Inserted [540, 340, 150, 40] -> 0
Inserted [520, 410, 150, 10] -> 0
Inserted [550, 419, 140, 20] -> 0
Inserted [490, 310, 150, 10] -> 0
Inserted [500, 320, 120, 20] -> 0
Inserted [550, 350, 130, 20] -> 0
Inserted [490, 310, 150, 10] -> 0
Inserted [440, 300, 130, 20] -> 0
Inserted [510, 340, 150, 20] -> 0
Inserted [500, 350, 130, 30] -> 0
Inserted [450, 230, 130, 30] -> 0
Inserted [440, 320, 130, 20] -> 0
Inserted [500, 350, 160, 60] -> 0
Inserted [510, 380, 190, 40] -> 0
Inserted [480, 300, 140, 30] -> 0
Inserted [510, 380, 160, 20] -> 0
Inserted [460, 320, 140, 20] -> 0
Inserted [530, 370, 150, 20] -> 0
Inserted [500, 330, 140, 20] -> 0
Inserted [700, 320, 469, 140] -> 1
Inserted [640, 320, 450, 150] -> 1
Inserted [690, 310, 490, 150] -> 1
Inserted [550, 230, 400, 130] -> 1
Inserted [650, 280, 460, 150] -> 1
Inserted [570, 280, 450, 130] -> 1
Inserted [630, 330, 469, 160] -> 1
Inserted [490, 240, 330, 100] -> 1
Inserted [660, 290, 460, 130] -> 1
Inserted [520, 270, 390, 140] -> 1
Inserted [500, 200, 350, 100] -> 1
Inserted [590, 300, 419, 150] -> 1
Inserted [600, 220, 400, 100] -> 1
Inserted [610, 290, 469, 140] -> 1
Inserted [560, 290, 360, 130] -> 1
Inserted [670, 310, 440, 140] -> 1
Inserted [560, 300, 450, 150] -> 1
Inserted [580, 270, 410, 100] -> 1
Inserted [620, 220, 450, 150] -> 1
Inserted [560, 250, 390, 110] -> 1
Inserted [590, 320, 480, 180] -> 1
Inserted [610, 280, 400, 130] -> 1
Inserted [630, 250, 490, 150] -> 1
Inserted [610, 280, 469, 120] -> 1
Inserted [640, 290, 430, 130] -> 1
Inserted [660, 300, 440, 140] -> 1
Inserted [680, 280, 480, 140] -> 1
Inserted [670, 300, 500, 170] -> 1
Inserted [600, 290, 450, 150] -> 1
Inserted [570, 260, 350, 100] -> 1
Inserted [550, 240, 380, 110] -> 1
Inserted [550, 240, 370, 100] -> 1
Inserted [580, 270, 390, 120] -> 1
Inserted [600, 270, 510, 160] -> 1
Inserted [540, 300, 450, 150] -> 1
Inserted [600, 340, 450, 160] -> 1
Inserted [670, 310, 469, 150] -> 1
Inserted [630, 230, 440, 130] -> 1
Inserted [560, 300, 410, 130] -> 1
Inserted [550, 250, 400, 130] -> 1
Inserted [550, 260, 440, 120] -> 1
Inserted [610, 300, 460, 140] -> 1
Inserted [580, 260, 400, 120] -> 1
Inserted [500, 230, 330, 100] -> 1
Inserted [560, 270, 419, 130] -> 1
Inserted [570, 300, 419, 120] -> 1
Inserted [570, 290, 419, 130] -> 1
Inserted [620, 290, 430, 130] -> 1
Inserted [510, 250, 300, 110] -> 1
Inserted [570, 280, 410, 130] -> 1
Inserted [630, 330, 600, 250] -> 2
Inserted [580, 270, 510, 190] -> 2
Inserted [710, 300, 590, 209] -> 2
Inserted [630, 290, 560, 180] -> 2
Inserted [650, 300, 580, 220] -> 2
Inserted [760, 300, 660, 209] -> 2
Inserted [490, 250, 450, 170] -> 2
Inserted [730, 290, 630, 180] -> 2
Inserted [670, 250, 580, 180] -> 2
Inserted [720, 360, 610, 250] -> 2
Inserted [650, 320, 510, 200] -> 2
Inserted [640, 270, 530, 190] -> 2
Inserted [680, 300, 550, 209] -> 2
Inserted [570, 250, 500, 200] -> 2
Inserted [580, 280, 510, 240] -> 2
Inserted [640, 320, 530, 230] -> 2
Inserted [650, 300, 550, 180] -> 2
Inserted [770, 380, 670, 220] -> 2
Inserted [770, 260, 690, 230] -> 2
Inserted [600, 220, 500, 150] -> 2
Inserted [690, 320, 570, 230] -> 2
Inserted [560, 280, 490, 200] -> 2
Inserted [770, 280, 670, 200] -> 2
Inserted [630, 270, 490, 180] -> 2
Inserted [670, 330, 570, 209] -> 2
Inserted [720, 320, 600, 180] -> 2
Inserted [620, 280, 480, 180] -> 2
Inserted [610, 300, 490, 180] -> 2
Inserted [640, 280, 560, 209] -> 2
Inserted [720, 300, 580, 160] -> 2
Inserted [740, 280, 610, 190] -> 2
Inserted [790, 380, 640, 200] -> 2
Inserted [640, 280, 560, 220] -> 2
Inserted [630, 280, 510, 150] -> 2
Inserted [610, 260, 560, 140] -> 2
Inserted [770, 300, 610, 230] -> 2
Inserted [630, 340, 560, 240] -> 2
Inserted [640, 310, 550, 180] -> 2
Inserted [600, 300, 480, 180] -> 2
Inserted [690, 310, 540, 209] -> 2
Inserted [670, 310, 560, 240] -> 2
Inserted [690, 310, 510, 230] -> 2
Inserted [580, 270, 510, 190] -> 2
Inserted [680, 320, 590, 230] -> 2
Inserted [670, 330, 570, 250] -> 2
Inserted [670, 300, 520, 230] -> 2
Inserted [630, 250, 500, 190] -> 2
Inserted [650, 300, 520, 200] -> 2
Inserted [620, 340, 540, 230] -> 2
Inserted [590, 300, 510, 180] -> 2
