[+] Command line parameters read: []
>> use_viscosity = true
>> goal = 0.1
****************** ELF /home/oblivia/Projects/roper/data/tomato-RT-N18U-httpd **********************
[*] Season length set to 128
PARAMETERS:
%  label: Fitness-sharing, 17/03/26 01-41-05
%  population_size: 2048
%  mutation_rate: 0.45
%  max_iterations: 800000
%  selection_method: Tournement
%  t_size: 4
%  brood_size: 2
%  min_start_len: 2
%  max_start_len: 32
%  max_len: 256
%  fit_goal: 0.1
%  cuck_rate: 0.15
%  threads: 4
%  num_demes: 1
%  migration: 0.05
%  use_viscosity: true
%  outregs: [4, 5, 6]
%  inregs: [0, 1, 2, 3]
%  binary_path: /home/oblivia/Projects/roper/data/tomato-RT-N18U-httpd
%  fitness_sharing: true
%  fatal_crash: false

spinning up engine #0
[*] Initialized. Mode: ARM, LITTLE_ENDIAN: 0
[*] Mapping segment with size 1873c, addr 8000, perm PROT_READ | PROT_WRITE | PROT_EXEC | PROT_ALL
[*] Mapping segment with size 5c8, addr 2873c, perm PROT_EXEC
[*] Writing section named .text, from address 0000a998, with size of 0000e000 bytes
[*] Writing section named .rodata, from address 00017890, with size of 0000a000 bytes
ok, engine initialized
spinning up engine #1
[*] Initialized. Mode: ARM, LITTLE_ENDIAN: 0
[*] Mapping segment with size 1873c, addr 8000, perm PROT_READ | PROT_WRITE | PROT_EXEC | PROT_ALL
[*] Mapping segment with size 5c8, addr 2873c, perm PROT_EXEC
[*] Writing section named .text, from address 0000a998, with size of 0000e000 bytes
[*] Writing section named .rodata, from address 00017890, with size of 0000a000 bytes
ok, engine initialized
spinning up engine #2
[*] Initialized. Mode: ARM, LITTLE_ENDIAN: 0
[*] Mapping segment with size 1873c, addr 8000, perm PROT_READ | PROT_WRITE | PROT_EXEC | PROT_ALL
[*] Mapping segment with size 5c8, addr 2873c, perm PROT_EXEC
[*] Writing section named .text, from address 0000a998, with size of 0000e000 bytes
[*] Writing section named .rodata, from address 00017890, with size of 0000a000 bytes
ok, engine initialized
spinning up engine #3
[*] Initialized. Mode: ARM, LITTLE_ENDIAN: 0
[*] Mapping segment with size 1873c, addr 8000, perm PROT_READ | PROT_WRITE | PROT_EXEC | PROT_ALL
[*] Mapping segment with size 5c8, addr 2873c, perm PROT_EXEC
[*] Writing section named .text, from address 0000a998, with size of 0000e000 bytes
[*] Writing section named .rodata, from address 00017890, with size of 0000a000 bytes
ok, engine initialized
[*] Harvested 209 ARM gadgets from /home/oblivia/Projects/roper/data/tomato-RT-N18U-httpd
[*] Harvested 20 THUMB gadgets from /home/oblivia/Projects/roper/data/tomato-RT-N18U-httpd
[*] Size of buckets:
[+] NOCHANGE_CRASH_BUCKET: 80
[+] NOCHANGE_NOCRASH_BUCKET: 6
[+] CHANGE_CRASH_BUCKET: 118
[+] CHANGE_NOCRASH_BUCKET: 25

spinning up engine #0
[*] Initialized. Mode: ARM, LITTLE_ENDIAN: 0
[*] Mapping segment with size 1873c, addr 8000, perm PROT_READ | PROT_WRITE | PROT_EXEC | PROT_ALL
[*] Mapping segment with size 5c8, addr 2873c, perm PROT_EXEC
[*] Writing section named .text, from address 0000a998, with size of 0000e000 bytes
[*] Writing section named .rodata, from address 00017890, with size of 0000a000 bytes
ok, engine initialized
Adding hooks...

[00000:00]  0.988475*| ???????? || 0.989900*| 1.000000*
[00000:00]  0.444445 | 0.981482*|| 0.988304*| 0.990741*
[00000:00]  0.444445 | 0.968253*|| 0.991454*| 0.993828*
[00000:00]  0.444445 | 0.981482*|| 0.984128*| 0.987655*
[+] CRASH RATE:  0.571429    [+] AVG GEN:     0.003906
[+] AVG FIT:     0.750432    [+] AVG AB_FIT:  0.666667
[+] MIN FIT:     0.444445    [+] MIN AB_FIT:  0.666667
[+] BEST FIT:    0.988475    [+] BEST AB_FIT: 0.666667  
[+] SEASONS ELAPSED: 0
[+] STANDARD DEVIATION OF DIFFICULTY: 0.0000000002910383
[+] MEAN DIFFICULTIES BY CLASS:
    0 -> 0.666666
    1 -> 0.666666
    2 -> 0.666666
[+] STDDEV DIFFICULTIES BY CLASS:
    0 -> 0.000000
    1 -> 0.000000
    2 -> 0.000000
[+] STANDARD DEVIATION OF AB_FIT: 0.000000059604645
[Logging to /home/oblivia/Projects/roper/logs/17/03/26/roper_01-41-05.csv]

[00004:00]  0.444445 | 0.444445 || 0.987374*| 1.000000*
[00004:00]  0.444445 | 0.444445 || 0.947917*| 0.972221*
[00004:00]  0.444445 | 0.987374*|| 0.989317*| 1.000000*
[00004:00]  0.444445 | 0.444445 || 0.993057*| 1.000000*
[+] CRASH RATE:  0.333333    [+] AVG GEN:     0.007812
[+] AVG FIT:     0.623434    [+] AVG AB_FIT:  0.666667
[+] MIN FIT:     0.444445    [+] MIN AB_FIT:  0.666667
[+] BEST FIT:    0.988475    [+] BEST AB_FIT: 0.666667  
[+] SEASONS ELAPSED: 0
[+] STANDARD DEVIATION OF DIFFICULTY: 0.0000000002910383
[+] MEAN DIFFICULTIES BY CLASS:
    0 -> 0.666666
    1 -> 0.666666
    2 -> 0.666666
[+] STDDEV DIFFICULTIES BY CLASS:
    0 -> 0.000000
    1 -> 0.000000
    2 -> 0.000000
[+] STANDARD DEVIATION OF AB_FIT: 0
[Logging to /home/oblivia/Projects/roper/logs/17/03/26/roper_01-41-05.csv]

[00008:00]  0.444445 | 0.444445 || 0.444445 | 1.000000*
[00008:00]  0.444445 | 0.444445 || 0.444445 | 1.000000*
[00008:00]  0.444445 | 0.444445 || 0.977324*| 0.994667*
[00008:00]  0.444445 | 0.979297*|| 1.000000*| 1.000000*
[+] CRASH RATE:  0.260870    [+] AVG GEN:     0.011719
[+] AVG FIT:     0.584431    [+] AVG AB_FIT:  0.666667
[+] MIN FIT:     0.444445    [+] MIN AB_FIT:  0.666667
[+] BEST FIT:    0.988475    [+] BEST AB_FIT: 0.666667  
[+] SEASONS ELAPSED: 0
[+] STANDARD DEVIATION OF DIFFICULTY: 0.0000000002910383
[+] MEAN DIFFICULTIES BY CLASS:
    0 -> 0.666666
    1 -> 0.666666
    2 -> 0.666666
[+] STDDEV DIFFICULTIES BY CLASS:
    0 -> 0.000000
    1 -> 0.000000
    2 -> 0.000000
[+] STANDARD DEVIATION OF AB_FIT: 0.00000011920929
[Logging to /home/oblivia/Projects/roper/logs/17/03/26/roper_01-41-05.csv]

[00012:00]  0.568889 | 0.988427*|| 0.995371*| 0.996694*
[00012:00]  0.444445 | ???????? || 0.993828*| 0.996143*
[00012:00]  0.444445 | 0.444445 || 0.961420*| 0.989712*
[00012:00]  0.444445 | 0.444445 || 0.987460*| 0.995591*
[+] CRASH RATE:  0.233333    [+] AVG GEN:     0.015625
[+] AVG FIT:     0.574049    [+] AVG AB_FIT:  0.672889
[+] MIN FIT:     0.444445    [+] MIN AB_FIT:  0.666667
[+] BEST FIT:    0.988475    [+] BEST AB_FIT: 0.666667  
[+] SEASONS ELAPSED: 0
[+] STANDARD DEVIATION OF DIFFICULTY: 0.0000000002910383
[+] MEAN DIFFICULTIES BY CLASS:
    0 -> 0.666666
    1 -> 0.666666
    2 -> 0.666666
[+] STDDEV DIFFICULTIES BY CLASS:
    0 -> 0.000000
    1 -> 0.000000
    2 -> 0.000000
[+] STANDARD DEVIATION OF AB_FIT: 0.033507682
[Logging to /home/oblivia/Projects/roper/logs/17/03/26/roper_01-41-05.csv]

[00016:00]  0.444445 | 0.987922*|| 1.000000*| 1.000000*
[00016:00]  0.983333*| ???????? || 0.992371*| 1.000000*
[00016:00]  0.444445 | 0.444445 || 0.989265*| 1.000000*
[00016:00]  0.444445 | 0.444445 || 1.000000*| 1.000000*
[+] CRASH RATE:  0.243243    [+] AVG GEN:     0.019531
[+] AVG FIT:     0.578782    [+] AVG AB_FIT:  0.671712
[+] MIN FIT:     0.444445    [+] MIN AB_FIT:  0.666667
[+] BEST FIT:    0.988475    [+] BEST AB_FIT: 0.666667  
[+] SEASONS ELAPSED: 0
[+] STANDARD DEVIATION OF DIFFICULTY: 0.0000000002910383
[+] MEAN DIFFICULTIES BY CLASS:
    0 -> 0.666666
    1 -> 0.666666
    2 -> 0.666666
[+] STDDEV DIFFICULTIES BY CLASS:
    0 -> 0.000000
    1 -> 0.000000
    2 -> 0.000000
[+] STANDARD DEVIATION OF AB_FIT: 0.030270273
[Logging to /home/oblivia/Projects/roper/logs/17/03/26/roper_01-41-05.csv]

[00020:00]  0.444445 | ???????? || 0.444445 | 1.000000*
[00020:00]  0.444445 | ???????? || 0.444445 | 1.000000*
[00020:00]  0.444445 | 0.444445 || 0.982944*| 1.000000*
[00020:00]  0.444445 | 0.987847*|| 0.988729*| 1.000000*
[+] CRASH RATE:  0.238095    [+] AVG GEN:     0.023438
[+] AVG FIT:     0.575728    [+] AVG AB_FIT:  0.671111
[+] MIN FIT:     0.444445    [+] MIN AB_FIT:  0.666667
[+] BEST FIT:    0.988475    [+] BEST AB_FIT: 0.666667  
[+] SEASONS ELAPSED: 0
[+] STANDARD DEVIATION OF DIFFICULTY: 0.0000000002910383
[+] MEAN DIFFICULTIES BY CLASS:
    0 -> 0.666666
    1 -> 0.666666
    2 -> 0.666666
[+] STDDEV DIFFICULTIES BY CLASS:
    0 -> 0.000000
    1 -> 0.000000
    2 -> 0.000000
[+] STANDARD DEVIATION OF AB_FIT: 0.028458336
[Logging to /home/oblivia/Projects/roper/logs/17/03/26/roper_01-41-05.csv]

[00024:00]  0.444445 | ???????? || 0.444445 | 0.444445 
[00024:00]  0.444445 | 0.444445 || 0.995173*| 1.000000*
[00024:00]  0.444445 | 0.444445 || 0.985830*| 0.986487*
[00024:00]  0.444445 | 0.966216*|| 0.966216*| 1.000000*
[+] CRASH RATE:  0.224490    [+] AVG GEN:     0.027344
[+] AVG FIT:     0.567621    [+] AVG AB_FIT:  0.670476
[+] MIN FIT:     0.444445    [+] MIN AB_FIT:  0.666667
[+] BEST FIT:    0.988475    [+] BEST AB_FIT: 0.666667  
[+] SEASONS ELAPSED: 0
[+] STANDARD DEVIATION OF DIFFICULTY: 0.0000000002910383
[+] MEAN DIFFICULTIES BY CLASS:
    0 -> 0.666666
    1 -> 0.666666
    2 -> 0.666666
[+] STDDEV DIFFICULTIES BY CLASS:
    0 -> 0.000000
    1 -> 0.000000
    2 -> 0.000000
[+] STANDARD DEVIATION OF AB_FIT: 0.02639315
[Logging to /home/oblivia/Projects/roper/logs/17/03/26/roper_01-41-05.csv]

[00028:00]  0.444445 | 0.444445 || 0.444445 | 1.000000*
[00028:00]  0.444445 | 0.993037*|| 0.993037*| 1.000000*
[00028:00]  0.444445 | 0.444445 || 0.983467*| 0.997550*
[00028:00]  0.444445 | 0.990551*|| 0.997355*| 1.000000*
[+] CRASH RATE:  0.232143    [+] AVG GEN:     0.032227
[+] AVG FIT:     0.571773    [+] AVG AB_FIT:  0.670000
[+] MIN FIT:     0.444445    [+] MIN AB_FIT:  0.666667
[+] BEST FIT:    0.988475    [+] BEST AB_FIT: 0.666667  
[+] SEASONS ELAPSED: 0
[+] STANDARD DEVIATION OF DIFFICULTY: 0.0000000002910383
[+] MEAN DIFFICULTIES BY CLASS:
    0 -> 0.666666
    1 -> 0.666666
    2 -> 0.666666
[+] STDDEV DIFFICULTIES BY CLASS:
    0 -> 0.000000
    1 -> 0.000000
    2 -> 0.000000
[+] STANDARD DEVIATION OF AB_FIT: 0.024720678
[Logging to /home/oblivia/Projects/roper/logs/17/03/26/roper_01-41-05.csv]

[00032:00]  0.444445 | 0.444445 || 0.990418*| 1.000000*
[00032:00]  0.444445 | ???????? || 0.444445 | 0.985306*
[00032:00]  0.444445 | ???????? || 1.000000*| 1.000000*
[00032:00]  0.444445 | 0.444445 || 0.444445 | 0.982251*
[+] CRASH RATE:  0.213115    [+] AVG GEN:     0.036621
[+] AVG FIT:     0.561336    [+] AVG AB_FIT:  0.669727
[+] MIN FIT:     0.444445    [+] MIN AB_FIT:  0.666667
[+] BEST FIT:    0.988475    [+] BEST AB_FIT: 0.666667  
[+] SEASONS ELAPSED: 0
[+] STANDARD DEVIATION OF DIFFICULTY: 0.0000000002910383
[+] MEAN DIFFICULTIES BY CLASS:
    0 -> 0.666666
    1 -> 0.666666
    2 -> 0.666666
[+] STDDEV DIFFICULTIES BY CLASS:
    0 -> 0.000000
    1 -> 0.000000
    2 -> 0.000000
[+] STANDARD DEVIATION OF AB_FIT: 0.023703512
[Logging to /home/oblivia/Projects/roper/logs/17/03/26/roper_01-41-05.csv]

[00036:00]  0.444445 | 0.444445 || 0.983879*| 1.000000*
[00036:00]  0.444445 | 0.993119*|| 0.993760*| 1.000000*
[00036:00]  0.444445 | 0.977240*|| 0.985671*| 0.994841*
[00036:00]  0.444445 | 0.983950*|| 0.987104*| 1.000000*
[+] CRASH RATE:  0.235294    [+] AVG GEN:     0.041504
[+] AVG FIT:     0.573141    [+] AVG AB_FIT:  0.669412
[+] MIN FIT:     0.444445    [+] MIN AB_FIT:  0.666667
[+] BEST FIT:    0.988475    [+] BEST AB_FIT: 0.666667  
[+] SEASONS ELAPSED: 0
[+] STANDARD DEVIATION OF DIFFICULTY: 0.0000000002910383
[+] MEAN DIFFICULTIES BY CLASS:
    0 -> 0.666666
    1 -> 0.666666
    2 -> 0.666666
[+] STDDEV DIFFICULTIES BY CLASS:
    0 -> 0.000000
    1 -> 0.000000
    2 -> 0.000000
[+] STANDARD DEVIATION OF AB_FIT: 0.022469593
[Logging to /home/oblivia/Projects/roper/logs/17/03/26/roper_01-41-05.csv]

[00040:00]  0.444445 | 0.444445 || 0.444445 | 0.992896*
[00040:00]  0.444445 | 0.444445 || 0.989676*| 1.000000*
[00040:00]  0.444445 | 0.988724*|| 0.989471*| 1.000000*
[00040:00]  0.444445 | 0.444445 || 0.993875*| 0.994270*
[+] CRASH RATE:  0.223684    [+] AVG GEN:     0.047852
[+] AVG FIT:     0.566756    [+] AVG AB_FIT:  0.669123
[+] MIN FIT:     0.444445    [+] MIN AB_FIT:  0.666667
[+] BEST FIT:    0.988475    [+] BEST AB_FIT: 0.666667  
[+] SEASONS ELAPSED: 0
[+] STANDARD DEVIATION OF DIFFICULTY: 0.0000000002910383
[+] MEAN DIFFICULTIES BY CLASS:
    0 -> 0.666666
    1 -> 0.666666
    2 -> 0.666666
[+] STDDEV DIFFICULTIES BY CLASS:
    0 -> 0.000000
    1 -> 0.000000
    2 -> 0.000000
[+] STANDARD DEVIATION OF AB_FIT: 0.02127081
[Logging to /home/oblivia/Projects/roper/logs/17/03/26/roper_01-41-05.csv]

[00044:00]  0.961186*| ???????? || 0.983659*| 1.000000*
[00044:00]  0.444445 | ???????? || 0.444445 | 1.000000*
[00044:00]  0.444445 | 0.996156*|| 1.000000*| 1.000000*
[00044:00]  0.444445 | ???????? || 0.444445 | 1.000000*
[+] CRASH RATE:  0.234568    [+] AVG GEN:     0.051270
[+] AVG FIT:     0.572397    [+] AVG AB_FIT:  0.669054
[+] MIN FIT:     0.444445    [+] MIN AB_FIT:  0.666667
[+] BEST FIT:    0.988475    [+] BEST AB_FIT: 0.666667  
[+] SEASONS ELAPSED: 0
[+] STANDARD DEVIATION OF DIFFICULTY: 0.0000000002910383
[+] MEAN DIFFICULTIES BY CLASS:
    0 -> 0.666666
    1 -> 0.666666
    2 -> 0.666666
[+] STDDEV DIFFICULTIES BY CLASS:
    0 -> 0.000000
    1 -> 0.000000
    2 -> 0.000000
[+] STANDARD DEVIATION OF AB_FIT: 0.02061627
[Logging to /home/oblivia/Projects/roper/logs/17/03/26/roper_01-41-05.csv]

[00048:00]  0.444445 | 0.444445 || 0.444445 | 1.000000*
[00048:00]  0.444445 | 0.444445 || 0.444445 | 1.000000*
[00048:00]  0.444445 | 0.444445 || 0.444445 | 1.000000*
[00048:00]  0.444445 | 0.444445 || 0.991124*| 0.993333*
[+] CRASH RATE:  0.213483    [+] AVG GEN:     0.055176
[+] AVG FIT:     0.560895    [+] AVG AB_FIT:  0.668839
[+] MIN FIT:     0.444445    [+] MIN AB_FIT:  0.666667
[+] BEST FIT:    0.988475    [+] BEST AB_FIT: 0.666667  
[+] SEASONS ELAPSED: 0
[+] STANDARD DEVIATION OF DIFFICULTY: 0.0000000002910383
[+] MEAN DIFFICULTIES BY CLASS:
    0 -> 0.666666
    1 -> 0.666666
    2 -> 0.666666
[+] STDDEV DIFFICULTIES BY CLASS:
    0 -> 0.000000
    1 -> 0.000000
    2 -> 0.000000
[+] STANDARD DEVIATION OF AB_FIT: 0.019679707
[Logging to /home/oblivia/Projects/roper/logs/17/03/26/roper_01-41-05.csv]

[00052:00]  0.444445 | ???????? || 0.984140*| 0.997394*
[00052:00]  0.444445 | 0.444445 || 0.994988*| 1.000000*
[00052:00]  0.444445 | 0.444445 || 0.444445 | 1.000000*
[00052:00]  0.444445 | 0.444445 || 1.000000*| 1.000000*
[+] CRASH RATE:  0.197917    [+] AVG GEN:     0.061035
[+] AVG FIT:     0.552404    [+] AVG AB_FIT:  0.668681
[+] MIN FIT:     0.444445    [+] MIN AB_FIT:  0.666667
[+] BEST FIT:    0.988475    [+] BEST AB_FIT: 0.666667  
[+] SEASONS ELAPSED: 0
[+] STANDARD DEVIATION OF DIFFICULTY: 0.0000000002910383
[+] MEAN DIFFICULTIES BY CLASS:
    0 -> 0.666666
    1 -> 0.666666
    2 -> 0.666666
[+] STDDEV DIFFICULTIES BY CLASS:
    0 -> 0.000000
    1 -> 0.000000
    2 -> 0.000000
[+] STANDARD DEVIATION OF AB_FIT: 0.018957056
[Logging to /home/oblivia/Projects/roper/logs/17/03/26/roper_01-41-05.csv]

[00056:00]  0.990116*| 1.000000*|| 1.000000*| 1.000000*
[00056:00]  0.444445 | 0.444445 || 0.444445 | 0.978256*
[00056:00]  0.444445 | 0.985194*|| 0.994376*| 1.000000*
[00056:00]  0.444445 | 0.444445 || 0.994560*| 0.996174*
[+] CRASH RATE:  0.211538    [+] AVG GEN:     0.064453
[+] AVG FIT:     0.559888    [+] AVG AB_FIT:  0.668526
[+] MIN FIT:     0.444445    [+] MIN AB_FIT:  0.666667
[+] BEST FIT:    0.988475    [+] BEST AB_FIT: 0.666667  
[+] SEASONS ELAPSED: 0
[+] STANDARD DEVIATION OF DIFFICULTY: 0.0000000002910383
[+] MEAN DIFFICULTIES BY CLASS:
    0 -> 0.666666
    1 -> 0.666666
    2 -> 0.666666
[+] STDDEV DIFFICULTIES BY CLASS:
    0 -> 0.000000
    1 -> 0.000000
    2 -> 0.000000
[+] STANDARD DEVIATION OF AB_FIT: 0.018221268
[Logging to /home/oblivia/Projects/roper/logs/17/03/26/roper_01-41-05.csv]

[00060:00]  0.444445 | ???????? || 0.444445 | 0.710117*
[00060:00]  0.444445 | 0.444445 || 0.444445 | 1.000000*
[00060:00]  0.444445 | 0.993129*|| 0.995002*| 0.995419*
[00060:00]  0.444445 | 0.444445 || 0.990005*| 1.000000*
[+] CRASH RATE:  0.209091    [+] AVG GEN:     0.068359
[+] AVG FIT:     0.558579    [+] AVG AB_FIT:  0.668424
[+] MIN FIT:     0.444445    [+] MIN AB_FIT:  0.666667
[+] BEST FIT:    0.988475    [+] BEST AB_FIT: 0.666667  
[+] SEASONS ELAPSED: 0
[+] STANDARD DEVIATION OF DIFFICULTY: 0.0000000002910383
[+] MEAN DIFFICULTIES BY CLASS:
    0 -> 0.666666
    1 -> 0.666666
    2 -> 0.666666
[+] STDDEV DIFFICULTIES BY CLASS:
    0 -> 0.000000
    1 -> 0.000000
    2 -> 0.000000
[+] STANDARD DEVIATION OF AB_FIT: 0.017722365
[Logging to /home/oblivia/Projects/roper/logs/17/03/26/roper_01-41-05.csv]

[00064:00]  0.444445 | 0.444445 || 0.992213*| 1.000000*
[00064:00]  0.444445 | 0.444445 || 1.000000*| 1.000000*
[00064:00]  0.444445 | 0.991607*|| 0.991607*| 0.994659*
[00064:00]  0.988249*| ???????? || 0.995103*| 0.997330*
[+] CRASH RATE:  0.213675    [+] AVG GEN:     0.076172
[+] AVG FIT:     0.561075    [+] AVG AB_FIT:  0.668319
[+] MIN FIT:     0.444445    [+] MIN AB_FIT:  0.666667
[+] BEST FIT:    0.988475    [+] BEST AB_FIT: 0.666667  
[+] SEASONS ELAPSED: 0
[+] STANDARD DEVIATION OF DIFFICULTY: 0.0000000002910383
[+] MEAN DIFFICULTIES BY CLASS:
    0 -> 0.666666
    1 -> 0.666666
    2 -> 0.666666
[+] STDDEV DIFFICULTIES BY CLASS:
    0 -> 0.000000
    1 -> 0.000000
    2 -> 0.000000
[+] STANDARD DEVIATION OF AB_FIT: 0.017189104
[Logging to /home/oblivia/Projects/roper/logs/17/03/26/roper_01-41-05.csv]

[00068:00]  0.444445 | 0.444445 || 0.966812*| 0.997359*
[00068:00]  0.444445 | 0.444445 || 1.000000*| 1.000000*
[00068:00]  0.444445 | 0.444445 || 0.997359*| 0.997474*
[00068:00]  0.985479*| 0.995160*|| 0.997474*| 1.000000*
[+] CRASH RATE:  0.217742    [+] AVG GEN:     0.081055
[+] AVG FIT:     0.563296    [+] AVG AB_FIT:  0.668226
[+] MIN FIT:     0.444445    [+] MIN AB_FIT:  0.666667
[+] BEST FIT:    0.988475    [+] BEST AB_FIT: 0.666667  
[+] SEASONS ELAPSED: 0
[+] STANDARD DEVIATION OF DIFFICULTY: 0.0000000002910383
[+] MEAN DIFFICULTIES BY CLASS:
    0 -> 0.666666
    1 -> 0.666666
    2 -> 0.666666
[+] STDDEV DIFFICULTIES BY CLASS:
    0 -> 0.000000
    1 -> 0.000000
    2 -> 0.000000
[+] STANDARD DEVIATION OF AB_FIT: 0.016701208
[Logging to /home/oblivia/Projects/roper/logs/17/03/26/roper_01-41-05.csv]

[00072:00]  0.444445 | 0.444445 || 0.444445 | 1.000000*
[00072:00]  0.444445 | 0.444445 || 0.987282*| 0.996290*
[00072:00]  0.444445 | 0.444445 || 0.882852*| 1.000000*
[00072:00]  0.444445 | 0.993405*|| 0.994065*| 1.000000*
[+] CRASH RATE:  0.215385    [+] AVG GEN:     0.084961
[+] AVG FIT:     0.562033    [+] AVG AB_FIT:  0.668154
[+] MIN FIT:     0.444445    [+] MIN AB_FIT:  0.666667
[+] BEST FIT:    0.988475    [+] BEST AB_FIT: 0.666667  
[+] SEASONS ELAPSED: 0
[+] STANDARD DEVIATION OF DIFFICULTY: 0.0000000002910383
[+] MEAN DIFFICULTIES BY CLASS:
    0 -> 0.666666
    1 -> 0.666666
    2 -> 0.666666
[+] STDDEV DIFFICULTIES BY CLASS:
    0 -> 0.000000
    1 -> 0.000000
    2 -> 0.000000
[+] STANDARD DEVIATION OF AB_FIT: 0.016314518
[Logging to /home/oblivia/Projects/roper/logs/17/03/26/roper_01-41-05.csv]

[00076:00]  0.444445 | 0.444445 || 1.000000*| 1.000000*
[00076:00]  0.444445 | 0.444445 || 0.994502*| 1.000000*
[00076:00]  0.444445 | 0.444445 || 0.987903*| 0.995968*
[00076:00]  0.444445 | 0.444445 || 0.995347*| 0.996441*
[+] CRASH RATE:  0.204380    [+] AVG GEN:     0.088867
[+] AVG FIT:     0.556025    [+] AVG AB_FIT:  0.668077
[+] MIN FIT:     0.444445    [+] MIN AB_FIT:  0.666667
[+] BEST FIT:    0.988475    [+] BEST AB_FIT: 0.666667  
[+] SEASONS ELAPSED: 0
[+] STANDARD DEVIATION OF DIFFICULTY: 0.0000000002910383
[+] MEAN DIFFICULTIES BY CLASS:
    0 -> 0.666666
    1 -> 0.666666
    2 -> 0.666666
[+] STDDEV DIFFICULTIES BY CLASS:
    0 -> 0.000000
    1 -> 0.000000
    2 -> 0.000000
[+] STANDARD DEVIATION OF AB_FIT: 0.015895642
[Logging to /home/oblivia/Projects/roper/logs/17/03/26/roper_01-41-05.csv]

[00080:00]  0.444445 | 0.444445 || 0.990029*| 0.994561*
[00080:00]  0.444445 | ???????? || 0.982907*| 1.000000*
[00080:00]  0.444445 | 0.444445 || 0.444445 | 1.000000*
[00080:00]  0.444445 | 0.444445 || 0.994016*| 0.996677*
[+] CRASH RATE:  0.198582    [+] AVG GEN:     0.093750
[+] AVG FIT:     0.552859    [+] AVG AB_FIT:  0.668037
[+] MIN FIT:     0.444445    [+] MIN AB_FIT:  0.666667
[+] BEST FIT:    0.988475    [+] BEST AB_FIT: 0.666667  
[+] SEASONS ELAPSED: 0
[+] STANDARD DEVIATION OF DIFFICULTY: 0.0000000002910383
[+] MEAN DIFFICULTIES BY CLASS:
    0 -> 0.666666
    1 -> 0.666666
    2 -> 0.666666
[+] STDDEV DIFFICULTIES BY CLASS:
    0 -> 0.000000
    1 -> 0.000000
    2 -> 0.000000
[+] STANDARD DEVIATION OF AB_FIT: 0.0156703
[Logging to /home/oblivia/Projects/roper/logs/17/03/26/roper_01-41-05.csv]

[00084:00]  0.991889*| 1.000000*|| 1.000000*| 1.000000*
[00084:00]  0.444445 | 0.825446*|| 1.000000*| 1.000000*
[00084:00]  0.444445 | ???????? || 1.000000*| 1.000000*
[00084:00]  0.444445 | 0.975670*|| 0.985807*| 1.000000*
[+] CRASH RATE:  0.217687    [+] AVG GEN:     0.100586
[+] AVG FIT:     0.562143    [+] AVG AB_FIT:  0.668979
[+] MIN FIT:     0.444445    [+] MIN AB_FIT:  0.666667
[+] BEST FIT:    0.988475    [+] BEST AB_FIT: 0.666667  
[+] SEASONS ELAPSED: 0
[+] STANDARD DEVIATION OF DIFFICULTY: 0.0000000002910383
[+] MEAN DIFFICULTIES BY CLASS:
    0 -> 0.666666
    1 -> 0.666666
    2 -> 0.666666
[+] STDDEV DIFFICULTIES BY CLASS:
    0 -> 0.000000
    1 -> 0.000000
    2 -> 0.000000
[+] STANDARD DEVIATION OF AB_FIT: 0.01945054
[Logging to /home/oblivia/Projects/roper/logs/17/03/26/roper_01-41-05.csv]

[00088:00]  0.985945*| 0.992477*|| 0.993105*| 0.998097*
[00088:00]  0.444445 | 0.444445 || 0.988967*| 0.995080*
[00088:00]  0.444445 | 0.444445 || 0.444445 | 1.000000*
[00088:00]  0.444445 | 0.444445 || 0.989658*| 0.992646*
[+] CRASH RATE:  0.222222    [+] AVG GEN:     0.105957
[+] AVG FIT:     0.564649    [+] AVG AB_FIT:  0.668975
[+] MIN FIT:     0.444445    [+] MIN AB_FIT:  0.666667
[+] BEST FIT:    0.988475    [+] BEST AB_FIT: 0.666667  
[+] SEASONS ELAPSED: 0
[+] STANDARD DEVIATION OF DIFFICULTY: 0.0000000002910383
[+] MEAN DIFFICULTIES BY CLASS:
    0 -> 0.666666
    1 -> 0.666666
    2 -> 0.666666
[+] STDDEV DIFFICULTIES BY CLASS:
    0 -> 0.000000
    1 -> 0.000000
    2 -> 0.000000
[+] STANDARD DEVIATION OF AB_FIT: 0.019090736
[Logging to /home/oblivia/Projects/roper/logs/17/03/26/roper_01-41-05.csv]

[00092:00]  0.444445 | 0.444445 || 0.444445 | 1.000000*
[00092:00]  0.444445 | 0.444445 || 0.444445 | 0.995521*
[00092:00]  0.444445 | 0.991938*|| 1.000000*| 1.000000*
[00092:00]  0.991975*| 0.996220*|| 1.000000*| 1.000000*
[+] CRASH RATE:  0.231250    [+] AVG GEN:     0.109863
[+] AVG FIT:     0.569682    [+] AVG AB_FIT:  0.668874
[+] MIN FIT:     0.444445    [+] MIN AB_FIT:  0.666667
[+] BEST FIT:    0.988475    [+] BEST AB_FIT: 0.666667  
[+] SEASONS ELAPSED: 0
[+] STANDARD DEVIATION OF DIFFICULTY: 0.0000000002910383
[+] MEAN DIFFICULTIES BY CLASS:
    0 -> 0.666666
    1 -> 0.666666
    2 -> 0.666666
[+] STDDEV DIFFICULTIES BY CLASS:
    0 -> 0.000000
    1 -> 0.000000
    2 -> 0.000000
[+] STANDARD DEVIATION OF AB_FIT: 0.01867441
[Logging to /home/oblivia/Projects/roper/logs/17/03/26/roper_01-41-05.csv]

[00096:00]  0.444445 | 0.444445 || 0.444445 | 0.981740*
[00096:00]  0.444445 | ???????? || 0.993387*| 1.000000*
[00096:00]  0.444445 | 0.993142*|| 0.997316*| 1.000000*
[00096:00]  0.444445 | 0.974152*|| 1.000000*| 1.000000*
[+] CRASH RATE:  0.234940    [+] AVG GEN:     0.114746
[+] AVG FIT:     0.571652    [+] AVG AB_FIT:  0.668794
[+] MIN FIT:     0.444445    [+] MIN AB_FIT:  0.666667
[+] BEST FIT:    0.988475    [+] BEST AB_FIT: 0.666667  
[+] SEASONS ELAPSED: 0
[+] STANDARD DEVIATION OF DIFFICULTY: 0.0000000002910383
[+] MEAN DIFFICULTIES BY CLASS:
    0 -> 0.666666
    1 -> 0.666666
    2 -> 0.666666
[+] STDDEV DIFFICULTIES BY CLASS:
    0 -> 0.000000
    1 -> 0.000000
    2 -> 0.000000
[+] STANDARD DEVIATION OF AB_FIT: 0.018338444
[Logging to /home/oblivia/Projects/roper/logs/17/03/26/roper_01-41-05.csv]

[00100:00]  0.444445 | 0.444445 || 0.444445 | 1.000000*
[00100:00]  0.444445 | 0.987153*|| 0.991972*| 0.993576*
[00100:00]  0.444445 | 0.985479*|| 0.988666*| 1.000000*
[00100:00]  0.444445 | 0.444445 || 0.993354*| 1.000000*
[+] CRASH RATE:  0.231214    [+] AVG GEN:     0.119629
[+] AVG FIT:     0.569642    [+] AVG AB_FIT:  0.668708
[+] MIN FIT:     0.444445    [+] MIN AB_FIT:  0.666667
[+] BEST FIT:    0.988475    [+] BEST AB_FIT: 0.666667  
[+] SEASONS ELAPSED: 0
[+] STANDARD DEVIATION OF DIFFICULTY: 0.0000000002910383
[+] MEAN DIFFICULTIES BY CLASS:
    0 -> 0.666666
    1 -> 0.666666
    2 -> 0.666666
[+] STDDEV DIFFICULTIES BY CLASS:
    0 -> 0.000000
    1 -> 0.000000
    2 -> 0.000000
[+] STANDARD DEVIATION OF AB_FIT: 0.017968545
[Logging to /home/oblivia/Projects/roper/logs/17/03/26/roper_01-41-05.csv]

[00104:00]  0.444445 | 0.444445 || 0.444445 | 1.000000*
[00104:00]  0.444445 | 0.444445 || 0.995905*| 1.000000*
[00104:00]  0.444445 | 0.444445 || 0.990332*| 0.996160*
[00104:00]  0.444445 | 0.997491*|| 1.000000*| 1.000000*
[+] CRASH RATE:  0.230337    [+] AVG GEN:     0.124512
[+] AVG FIT:     0.569232    [+] AVG AB_FIT:  0.668651
[+] MIN FIT:     0.444445    [+] MIN AB_FIT:  0.666667
[+] BEST FIT:    0.988475    [+] BEST AB_FIT: 0.666667  
[+] SEASONS ELAPSED: 0
[+] STANDARD DEVIATION OF DIFFICULTY: 0.0000000002910383
[+] MEAN DIFFICULTIES BY CLASS:
    0 -> 0.666666
    1 -> 0.666666
    2 -> 0.666666
[+] STDDEV DIFFICULTIES BY CLASS:
    0 -> 0.000000
    1 -> 0.000000
    2 -> 0.000000
[+] STANDARD DEVIATION OF AB_FIT: 0.01771758
[Logging to /home/oblivia/Projects/roper/logs/17/03/26/roper_01-41-05.csv]

[00108:00]  0.444445 | 0.444445 || 0.444445 | 0.995719*
[00108:00]  0.444445 | 0.994648*|| 1.000000*| 1.000000*
[00108:00]  0.444445 | 0.983944*|| 0.994863*| 0.995413*
[00108:00]  0.444445 | 0.987155*|| 0.991972*| 1.000000*
[+] CRASH RATE:  0.236559    [+] AVG GEN:     0.128418
[+] AVG FIT:     0.572641    [+] AVG AB_FIT:  0.668565
[+] MIN FIT:     0.444445    [+] MIN AB_FIT:  0.666667
[+] BEST FIT:    0.988475    [+] BEST AB_FIT: 0.666667  
[+] SEASONS ELAPSED: 0
[+] STANDARD DEVIATION OF DIFFICULTY: 0.0000000002910383
[+] MEAN DIFFICULTIES BY CLASS:
    0 -> 0.666666
    1 -> 0.666666
    2 -> 0.666666
[+] STDDEV DIFFICULTIES BY CLASS:
    0 -> 0.000000
    1 -> 0.000000
    2 -> 0.000000
[+] STANDARD DEVIATION OF AB_FIT: 0.017337048
[Logging to /home/oblivia/Projects/roper/logs/17/03/26/roper_01-41-05.csv]

[00112:00]  0.444445 | 0.444445 || 0.990860*| 1.000000*
[00112:00]  0.444445 | 0.992003*|| 1.000000*| 1.000000*
[00112:00]  0.444445 | 0.971799*|| 0.991469*| 1.000000*
[00112:00]  0.990403*| 0.997792*|| 0.997867*| 1.000000*
[+] CRASH RATE:  0.248705    [+] AVG GEN:     0.133301
[+] AVG FIT:     0.579257    [+] AVG AB_FIT:  0.668496
[+] MIN FIT:     0.444445    [+] MIN AB_FIT:  0.666667
[+] BEST FIT:    0.988475    [+] BEST AB_FIT: 0.666667  
[+] SEASONS ELAPSED: 0
[+] STANDARD DEVIATION OF DIFFICULTY: 0.0000000002910383
[+] MEAN DIFFICULTIES BY CLASS:
    0 -> 0.666666
    1 -> 0.666666
    2 -> 0.666666
[+] STDDEV DIFFICULTIES BY CLASS:
    0 -> 0.000000
    1 -> 0.000000
    2 -> 0.000000
[+] STANDARD DEVIATION OF AB_FIT: 0.017023444
[Logging to /home/oblivia/Projects/roper/logs/17/03/26/roper_01-41-05.csv]

[00116:00]  0.444445 | ???????? || 0.444445 | 1.000000*
[00116:00]  0.444445 | 1.000000*|| 1.000000*| 1.000000*
[00116:00]  0.444445 | 0.992419*|| 0.993429*| 1.000000*
[00116:00]  0.444445 | 0.989048*|| 0.989624*| 0.997810*
[+] CRASH RATE:  0.256281    [+] AVG GEN:     0.137207
[+] AVG FIT:     0.583474    [+] AVG AB_FIT:  0.668441
[+] MIN FIT:     0.444445    [+] MIN AB_FIT:  0.666667
[+] BEST FIT:    0.988475    [+] BEST AB_FIT: 0.666667  
[+] SEASONS ELAPSED: 0
[+] STANDARD DEVIATION OF DIFFICULTY: 0.0000000002910383
[+] MEAN DIFFICULTIES BY CLASS:
    0 -> 0.666666
    1 -> 0.666666
    2 -> 0.666666
[+] STDDEV DIFFICULTIES BY CLASS:
    0 -> 0.000000
    1 -> 0.000000
    2 -> 0.000000
[+] STANDARD DEVIATION OF AB_FIT: 0.016767787
[Logging to /home/oblivia/Projects/roper/logs/17/03/26/roper_01-41-05.csv]

[00120:00]  0.444445 | ???????? || 0.444445 | 1.000000*
[00120:00]  0.444445 | 0.444445 || 0.992727*| 0.997237*
[00120:00]  0.444445 | 0.444445 || 0.987985*| 0.997237*
[00120:00]  0.444445 | 0.966216*|| 0.991364*| 1.000000*
[+] CRASH RATE:  0.250000    [+] AVG GEN:     0.140137
[+] AVG FIT:     0.580067    [+] AVG AB_FIT:  0.668398
[+] MIN FIT:     0.444445    [+] MIN AB_FIT:  0.666667
[+] BEST FIT:    0.988475    [+] BEST AB_FIT: 0.666667  
[+] SEASONS ELAPSED: 0
[+] STANDARD DEVIATION OF DIFFICULTY: 0.0000000002910383
[+] MEAN DIFFICULTIES BY CLASS:
    0 -> 0.666666
    1 -> 0.666666
    2 -> 0.666666
[+] STDDEV DIFFICULTIES BY CLASS:
    0 -> 0.000000
    1 -> 0.000000
    2 -> 0.000000
[+] STANDARD DEVIATION OF AB_FIT: 0.016563281
[Logging to /home/oblivia/Projects/roper/logs/17/03/26/roper_01-41-05.csv]

[00124:00]  0.444445 | 0.444445 || 0.444445 | 0.982202*
[00124:00]  0.444445 | 0.444445 || 0.444445 | 1.000000*
[00124:00]  0.444445 | 0.444445 || 0.444445 | 1.000000*
[00124:00]  0.982220*| 0.992091*|| 0.994304*| 0.995812*
[+] CRASH RATE:  0.252381    [+] AVG GEN:     0.145020
[+] AVG FIT:     0.581360    [+] AVG AB_FIT:  0.668349
[+] MIN FIT:     0.444445    [+] MIN AB_FIT:  0.666667
[+] BEST FIT:    0.988475    [+] BEST AB_FIT: 0.666667  
[+] SEASONS ELAPSED: 0
[+] STANDARD DEVIATION OF DIFFICULTY: 0.0000000002910383
[+] MEAN DIFFICULTIES BY CLASS:
    0 -> 0.666666
    1 -> 0.666666
    2 -> 0.666666
[+] STDDEV DIFFICULTIES BY CLASS:
    0 -> 0.000000
    1 -> 0.000000
    2 -> 0.000000
[+] STANDARD DEVIATION OF AB_FIT: 0.016327519
[Logging to /home/oblivia/Projects/roper/logs/17/03/26/roper_01-41-05.csv]

[00128:00]  0.444445 | 0.989048*|| 0.990080*| 0.996527*
[00128:00]  0.444445 | 0.994648*|| 0.996143*| 1.000000*
[00128:00]  0.444445 | 0.444445 || 0.995914*| 1.000000*
[00128:00]  0.444445 | 0.444445 || 0.975696*| 1.000000*
==[ RESETTING PROBLEM DIFFICULTIES ]==
[+] CRASH RATE:  0.250000    [+] AVG GEN:     0.150391
[+] AVG FIT:     0.580104    [+] AVG AB_FIT:  0.668302
[+] MIN FIT:     0.444445    [+] MIN AB_FIT:  0.666667
[+] BEST FIT:    0.988475    [+] BEST AB_FIT: 0.666667  
[+] SEASONS ELAPSED: 1
[+] STANDARD DEVIATION OF DIFFICULTY: 0.000086658314
[+] MEAN DIFFICULTIES BY CLASS:
    0 -> 0.498345
    1 -> 0.817004
    2 -> 0.913741
[+] STDDEV DIFFICULTIES BY CLASS:
    0 -> 0.000747
    1 -> 0.001958
    2 -> 0.002086
[+] STANDARD DEVIATION OF AB_FIT: 0.016101496
[Logging to /home/oblivia/Projects/roper/logs/17/03/26/roper_01-41-05.csv]

[00132:00]  0.470695 | 0.576915 || 0.982204*| 1.000000*
[00132:00]  0.984820*| 1.000000*|| 1.000000*| 1.000000*
[00132:00]  0.576915 | 0.576915 || 0.993321*| 1.000000*
[00132:00]  0.438450 | 0.576915 || 0.576915 | 1.000000*
[+] CRASH RATE:  0.252252    [+] AVG GEN:     0.155762
[+] AVG FIT:     0.583852    [+] AVG AB_FIT:  0.668258
[+] MIN FIT:     0.438450    [+] MIN AB_FIT:  0.666667
[+] BEST FIT:    0.988475    [+] BEST AB_FIT: 0.666667  
[+] SEASONS ELAPSED: 1
[+] STANDARD DEVIATION OF DIFFICULTY: 0.000086658314
[+] MEAN DIFFICULTIES BY CLASS:
    0 -> 0.498345
    1 -> 0.817004
    2 -> 0.913741
[+] STDDEV DIFFICULTIES BY CLASS:
    0 -> 0.000747
    1 -> 0.001958
    2 -> 0.002086
[+] STANDARD DEVIATION OF AB_FIT: 0.01588465
[Logging to /home/oblivia/Projects/roper/logs/17/03/26/roper_01-41-05.csv]

[00136:00]  0.576915 | 0.994911*|| 0.995589*| 1.000000*
[00136:00]  0.576915 | 0.576915 || 0.576915 | 0.992060*
[00136:00]  0.997884*| ???????? || 1.000000*| 1.000000*
[00136:00]  0.989058*| 1.000000*|| 1.000000*| 1.000000*
[+] CRASH RATE:  0.262009    [+] AVG GEN:     0.160645
[+] AVG FIT:     0.590951    [+] AVG AB_FIT:  0.668210
[+] MIN FIT:     0.438450    [+] MIN AB_FIT:  0.666667
[+] BEST FIT:    0.988475    [+] BEST AB_FIT: 0.666667  
[+] SEASONS ELAPSED: 1
[+] STANDARD DEVIATION OF DIFFICULTY: 0.000086658314
[+] MEAN DIFFICULTIES BY CLASS:
    0 -> 0.498345
    1 -> 0.817004
    2 -> 0.913741
[+] STDDEV DIFFICULTIES BY CLASS:
    0 -> 0.000747
    1 -> 0.001958
    2 -> 0.002086
[+] STANDARD DEVIATION OF AB_FIT: 0.015642367
[Logging to /home/oblivia/Projects/roper/logs/17/03/26/roper_01-41-05.csv]

[00140:00]  0.438450 | 0.438450 || 0.576915 | 0.985191*
[00140:00]  0.438450 | ???????? || 0.576915 | 1.000000*
[00140:00]  0.438450 | 0.576915 || 0.576915 | 0.983311*
[00140:00]  0.470695 | 0.576915 || 0.576915 | 1.000000*
[+] CRASH RATE:  0.256522    [+] AVG GEN:     0.165527
[+] AVG FIT:     0.588562    [+] AVG AB_FIT:  0.668203
[+] MIN FIT:     0.438450    [+] MIN AB_FIT:  0.666667
[+] BEST FIT:    0.988475    [+] BEST AB_FIT: 0.666667  
[+] SEASONS ELAPSED: 1
[+] STANDARD DEVIATION OF DIFFICULTY: 0.000086658314
[+] MEAN DIFFICULTIES BY CLASS:
    0 -> 0.498345
    1 -> 0.817004
    2 -> 0.913741
[+] STDDEV DIFFICULTIES BY CLASS:
    0 -> 0.000747
    1 -> 0.001958
    2 -> 0.002086
[+] STANDARD DEVIATION OF AB_FIT: 0.015608688
[Logging to /home/oblivia/Projects/roper/logs/17/03/26/roper_01-41-05.csv]

[00144:00]  0.576915 | 0.576915 || 0.979679*| 1.000000*
[00144:00]  0.576915 | 0.576915 || 0.989735*| 0.997690*
[00144:00]  0.576915 | ???????? || 0.996534*| 1.000000*
[00144:00]  0.576915 | 0.576915 || 0.743030 | 0.993072*
[+] CRASH RATE:  0.248945    [+] AVG GEN:     0.170410
[+] AVG FIT:     0.588218    [+] AVG AB_FIT:  0.668158
[+] MIN FIT:     0.438450    [+] MIN AB_FIT:  0.666667
[+] BEST FIT:    0.988475    [+] BEST AB_FIT: 0.666667  
[+] SEASONS ELAPSED: 1
[+] STANDARD DEVIATION OF DIFFICULTY: 0.000086658314
[+] MEAN DIFFICULTIES BY CLASS:
    0 -> 0.498345
    1 -> 0.817004
    2 -> 0.913741
[+] STDDEV DIFFICULTIES BY CLASS:
    0 -> 0.000747
    1 -> 0.001958
    2 -> 0.002086
[+] STANDARD DEVIATION OF AB_FIT: 0.015378653
[Logging to /home/oblivia/Projects/roper/logs/17/03/26/roper_01-41-05.csv]

[00148:00]  0.576915 | 0.576915 || 0.997172*| 0.997486*
[00148:00]  0.576915 | 0.576915 || 0.576915 | 0.995478*
[00148:00]  0.576915 | 1.000000*|| 1.000000*| 1.000000*
[00148:00]  0.980200*| 0.989147*|| 0.989556*| 1.000000*
[+] CRASH RATE:  0.251029    [+] AVG GEN:     0.176758
[+] AVG FIT:     0.591295    [+] AVG AB_FIT:  0.668121
[+] MIN FIT:     0.438450    [+] MIN AB_FIT:  0.666667
[+] BEST FIT:    0.988475    [+] BEST AB_FIT: 0.666667  
[+] SEASONS ELAPSED: 1
[+] STANDARD DEVIATION OF DIFFICULTY: 0.000086658314
[+] MEAN DIFFICULTIES BY CLASS:
    0 -> 0.498345
    1 -> 0.817004
    2 -> 0.913741
[+] STDDEV DIFFICULTIES BY CLASS:
    0 -> 0.000747
    1 -> 0.001958
    2 -> 0.002086
[+] STANDARD DEVIATION OF AB_FIT: 0.015189368
[Logging to /home/oblivia/Projects/roper/logs/17/03/26/roper_01-41-05.csv]

[00152:00]  0.576915 | 0.989468*|| 0.995950*| 0.996487*
[00152:00]  0.438450 | 0.438450 || 0.995611*| 0.997875*
[00152:00]  0.576915 | 0.986956*|| 0.997893*| 1.000000*
[00152:00]  0.211443 | 0.438450 || 0.438450 | 1.000000*
[+] CRASH RATE:  0.252000    [+] AVG GEN:     0.180664
[+] AVG FIT:     0.591589    [+] AVG AB_FIT:  0.666960
[+] MIN FIT:     0.211443    [+] MIN AB_FIT:  0.386667
[+] BEST FIT:    0.211443    [+] BEST AB_FIT: 0.386667  
[+] SEASONS ELAPSED: 1
[+] STANDARD DEVIATION OF DIFFICULTY: 0.000086658314
[+] MEAN DIFFICULTIES BY CLASS:
    0 -> 0.498345
    1 -> 0.817004
    2 -> 0.913741
[+] STDDEV DIFFICULTIES BY CLASS:
    0 -> 0.000747
    1 -> 0.001958
    2 -> 0.002086
[+] STANDARD DEVIATION OF AB_FIT: 0.023234123
[Logging to /home/oblivia/Projects/roper/logs/17/03/26/roper_01-41-05.csv]

[00156:00]  0.576915 | 0.576915 || 0.985237*| 0.997570*
[00156:00]  0.988199*| ???????? || 0.989780*| 1.000000*
[00156:00]  0.576915 | 0.993628*|| 1.000000*| 1.000000*
[00156:00]  0.438450 | 0.576915 || 0.995527*| 0.997786*
[+] CRASH RATE:  0.255906    [+] AVG GEN:     0.185547
[+] AVG FIT:     0.594594    [+] AVG AB_FIT:  0.666956
[+] MIN FIT:     0.211443    [+] MIN AB_FIT:  0.386667
[+] BEST FIT:    0.211443    [+] BEST AB_FIT: 0.386667  
[+] SEASONS ELAPSED: 1
[+] STANDARD DEVIATION OF DIFFICULTY: 0.000086658314
[+] MEAN DIFFICULTIES BY CLASS:
    0 -> 0.498345
    1 -> 0.817004
    2 -> 0.913741
[+] STDDEV DIFFICULTIES BY CLASS:
    0 -> 0.000747
    1 -> 0.001958
    2 -> 0.002086
[+] STANDARD DEVIATION OF AB_FIT: 0.023050478
[Logging to /home/oblivia/Projects/roper/logs/17/03/26/roper_01-41-05.csv]

[00160:00]  0.470695 | 0.576915 || 0.576915 | 1.000000*
[00160:00]  0.576915 | 0.985960*|| 0.988231*| 0.995154*
[00160:00]  0.438450 | 0.576915 || 0.995236*| 0.996561*
[00160:00]  0.438450 | 0.576915 || 0.993937*| 1.000000*
[+] CRASH RATE:  0.253846    [+] AVG GEN:     0.187988
[+] AVG FIT:     0.595328    [+] AVG AB_FIT:  0.666949
[+] MIN FIT:     0.211443    [+] MIN AB_FIT:  0.386667
[+] BEST FIT:    0.211443    [+] BEST AB_FIT: 0.386667  
[+] SEASONS ELAPSED: 1
[+] STANDARD DEVIATION OF DIFFICULTY: 0.000086658314
[+] MEAN DIFFICULTIES BY CLASS:
    0 -> 0.498345
    1 -> 0.817004
    2 -> 0.913741
[+] STDDEV DIFFICULTIES BY CLASS:
    0 -> 0.000747
    1 -> 0.001958
    2 -> 0.002086
[+] STANDARD DEVIATION OF AB_FIT: 0.022783
[Logging to /home/oblivia/Projects/roper/logs/17/03/26/roper_01-41-05.csv]

[00164:00]  0.438450 | 0.576915 || 1.000000*| 1.000000*
[00164:00]  0.576915 | 0.576915 || 0.986455*| 0.995836*
[00164:00]  0.438450 | 0.470695 || 0.576915 | 0.990420*
[00164:00]  0.576915 | ???????? || 0.576915 | 0.985630*
[+] CRASH RATE:  0.243346    [+] AVG GEN:     0.191895
[+] AVG FIT:     0.591525    [+] AVG AB_FIT:  0.666946
[+] MIN FIT:     0.211443    [+] MIN AB_FIT:  0.386667
[+] BEST FIT:    0.211443    [+] BEST AB_FIT: 0.386667  
[+] SEASONS ELAPSED: 1
[+] STANDARD DEVIATION OF DIFFICULTY: 0.000086658314
[+] MEAN DIFFICULTIES BY CLASS:
    0 -> 0.498345
    1 -> 0.817004
    2 -> 0.913741
[+] STDDEV DIFFICULTIES BY CLASS:
    0 -> 0.000747
    1 -> 0.001958
    2 -> 0.002086
[+] STANDARD DEVIATION OF AB_FIT: 0.022652723
[Logging to /home/oblivia/Projects/roper/logs/17/03/26/roper_01-41-05.csv]

[00168:00]  0.576915 | 0.576915 || 0.576915 | 1.000000*
[00168:00]  0.576915 | 0.576915 || 0.994908*| 0.995526*
[00168:00]  0.576915 | 0.576915 || 0.875111*| 1.000000*
[00168:00]  0.576915 | ???????? || 0.973272*| 0.989923*
[+] CRASH RATE:  0.237918    [+] AVG GEN:     0.196777
[+] AVG FIT:     0.591691    [+] AVG AB_FIT:  0.666940
[+] MIN FIT:     0.211443    [+] MIN AB_FIT:  0.386667
[+] BEST FIT:    0.211443    [+] BEST AB_FIT: 0.386667  
[+] SEASONS ELAPSED: 1
[+] STANDARD DEVIATION OF DIFFICULTY: 0.000086658314
[+] MEAN DIFFICULTIES BY CLASS:
    0 -> 0.498345
    1 -> 0.817004
    2 -> 0.913741
[+] STDDEV DIFFICULTIES BY CLASS:
    0 -> 0.000747
    1 -> 0.001958
    2 -> 0.002086
[+] STANDARD DEVIATION OF AB_FIT: 0.022398697
[Logging to /home/oblivia/Projects/roper/logs/17/03/26/roper_01-41-05.csv]

[00172:00]  0.576915 | 0.576915 || 0.576915 | 0.971687*
[00172:00]  0.576915 | 0.576915 || 0.576915 | 1.000000*
[00172:00]  0.438450 | 0.576915 || 0.996894*| 0.997856*
[00172:00]  0.507922*| 0.986335*|| 0.987925*| 0.995729*
[+] CRASH RATE:  0.241758    [+] AVG GEN:     0.200684
[+] AVG FIT:     0.594155    [+] AVG AB_FIT:  0.666936
[+] MIN FIT:     0.211443    [+] MIN AB_FIT:  0.386667
[+] BEST FIT:    0.211443    [+] BEST AB_FIT: 0.386667  
[+] SEASONS ELAPSED: 1
[+] STANDARD DEVIATION OF DIFFICULTY: 0.000086658314
[+] MEAN DIFFICULTIES BY CLASS:
    0 -> 0.498345
    1 -> 0.817004
    2 -> 0.913741
[+] STDDEV DIFFICULTIES BY CLASS:
    0 -> 0.000747
    1 -> 0.001958
    2 -> 0.002086
[+] STANDARD DEVIATION OF AB_FIT: 0.02223401
[Logging to /home/oblivia/Projects/roper/logs/17/03/26/roper_01-41-05.csv]

[00176:00]  0.470695 | ???????? || 0.576915 | 1.000000*
[00176:00]  0.576915 | ???????? || 0.576915 | 1.000000*
[00176:00]  0.438450 | ???????? || 0.993319*| 1.000000*
[00176:00]  0.576915 | 0.990555*|| 0.993927*| 1.000000*
[+] CRASH RATE:  0.242754    [+] AVG GEN:     0.207520
[+] AVG FIT:     0.595540    [+] AVG AB_FIT:  0.666933
[+] MIN FIT:     0.211443    [+] MIN AB_FIT:  0.386667
[+] BEST FIT:    0.211443    [+] BEST AB_FIT: 0.386667  
[+] SEASONS ELAPSED: 1
[+] STANDARD DEVIATION OF DIFFICULTY: 0.000086658314
[+] MEAN DIFFICULTIES BY CLASS:
    0 -> 0.498345
    1 -> 0.817004
    2 -> 0.913741
[+] STDDEV DIFFICULTIES BY CLASS:
    0 -> 0.000747
    1 -> 0.001958
    2 -> 0.002086
[+] STANDARD DEVIATION OF AB_FIT: 0.022112872
[Logging to /home/oblivia/Projects/roper/logs/17/03/26/roper_01-41-05.csv]

[00180:00]  0.438450 | 0.576915 || 0.576915 | 0.576915 
[00180:00]  0.438450 | 0.438450 || 1.000000*| 1.000000*
[00180:00]  0.576915 | 0.576915 || 0.992003*| 1.000000*
[00180:00]  0.438450 | 0.576915 || 0.576915 | 1.000000*
[+] CRASH RATE:  0.239286    [+] AVG GEN:     0.208984
[+] AVG FIT:     0.594715    [+] AVG AB_FIT:  0.666929
[+] MIN FIT:     0.211443    [+] MIN AB_FIT:  0.386667
[+] BEST FIT:    0.211443    [+] BEST AB_FIT: 0.386667  
[+] SEASONS ELAPSED: 1
[+] STANDARD DEVIATION OF DIFFICULTY: 0.000086658314
[+] MEAN DIFFICULTIES BY CLASS:
    0 -> 0.498345
    1 -> 0.817004
    2 -> 0.913741
[+] STDDEV DIFFICULTIES BY CLASS:
    0 -> 0.000747
    1 -> 0.001958
    2 -> 0.002086
[+] STANDARD DEVIATION OF AB_FIT: 0.021954402
[Logging to /home/oblivia/Projects/roper/logs/17/03/26/roper_01-41-05.csv]

[00184:00]  0.438450 | 0.576915 || 0.995720*| 1.000000*
[00184:00]  0.470695 | 0.576915 || 0.576915 | 0.981645*
[00184:00]  0.576915 | ???????? || 0.576915 | 1.000000*
[00184:00]  0.141253 | 0.576915 || 0.576915 | 0.996901*
[+] CRASH RATE:  0.229682    [+] AVG GEN:     0.212402
[+] AVG FIT:     0.589732    [+] AVG AB_FIT:  0.665278
[+] MIN FIT:     0.141253    [+] MIN AB_FIT:  0.200000
[+] BEST FIT:    0.141253    [+] BEST AB_FIT: 0.200000  
[+] SEASONS ELAPSED: 1
[+] STANDARD DEVIATION OF DIFFICULTY: 0.000086658314
[+] MEAN DIFFICULTIES BY CLASS:
    0 -> 0.498345
    1 -> 0.817004
    2 -> 0.913741
[+] STDDEV DIFFICULTIES BY CLASS:
    0 -> 0.000747
    1 -> 0.001958
    2 -> 0.002086
[+] STANDARD DEVIATION OF AB_FIT: 0.03527828
[Logging to /home/oblivia/Projects/roper/logs/17/03/26/roper_01-41-05.csv]

[00188:00]  0.438450 | ???????? || 0.576915 | 1.000000*
[00188:00]  0.438450 | 0.576915 || 0.576915 | 0.995129*
[00188:00]  0.576915 | 0.992084*|| 0.998192*| 1.000000*
[00188:00]  0.576915 | 0.576915 || 0.992964*| 1.000000*
[+] CRASH RATE:  0.228374    [+] AVG GEN:     0.219238
[+] AVG FIT:     0.590402    [+] AVG AB_FIT:  0.665307
[+] MIN FIT:     0.141253    [+] MIN AB_FIT:  0.200000
[+] BEST FIT:    0.141253    [+] BEST AB_FIT: 0.200000  
[+] SEASONS ELAPSED: 1
[+] STANDARD DEVIATION OF DIFFICULTY: 0.000086658314
[+] MEAN DIFFICULTIES BY CLASS:
    0 -> 0.498345
    1 -> 0.817004
    2 -> 0.913741
[+] STDDEV DIFFICULTIES BY CLASS:
    0 -> 0.000747
    1 -> 0.001958
    2 -> 0.002086
[+] STANDARD DEVIATION OF AB_FIT: 0.03491067
[Logging to /home/oblivia/Projects/roper/logs/17/03/26/roper_01-41-05.csv]

[00192:00]  0.438450 | 0.576915 || 1.000000*| 1.000000*
[00192:00]  0.576915 | 1.000000*|| 1.000000*| 1.000000*
[00192:00]  0.438450 | 0.576915 || 0.576915 | 1.000000*
[00192:00]  0.576915 | 0.576915 || 0.993374*| 0.996424*
[+] CRASH RATE:  0.225256    [+] AVG GEN:     0.226562
[+] AVG FIT:     0.590223    [+] AVG AB_FIT:  0.665325
[+] MIN FIT:     0.141253    [+] MIN AB_FIT:  0.200000
[+] BEST FIT:    0.141253    [+] BEST AB_FIT: 0.200000  
[+] SEASONS ELAPSED: 1
[+] STANDARD DEVIATION OF DIFFICULTY: 0.000086658314
[+] MEAN DIFFICULTIES BY CLASS:
    0 -> 0.498345
    1 -> 0.817004
    2 -> 0.913741
[+] STDDEV DIFFICULTIES BY CLASS:
    0 -> 0.000747
    1 -> 0.001958
    2 -> 0.002086
[+] STANDARD DEVIATION OF AB_FIT: 0.03467187
[Logging to /home/oblivia/Projects/roper/logs/17/03/26/roper_01-41-05.csv]

[00196:00]  0.438450 | 0.438450 || 0.576915 | 0.576915 
[00196:00]  0.576915 | 0.576915 || 0.576915 | 0.993285*
[00196:00]  0.576915 | 0.986956*|| 0.996135*| 0.996446*
[00196:00]  0.576915 | ???????? || 1.000000*| 1.000000*
[+] CRASH RATE:  0.222222    [+] AVG GEN:     0.232422
[+] AVG FIT:     0.589578    [+] AVG AB_FIT:  0.665343
[+] MIN FIT:     0.141253    [+] MIN AB_FIT:  0.200000
[+] BEST FIT:    0.141253    [+] BEST AB_FIT: 0.200000  
[+] SEASONS ELAPSED: 1
[+] STANDARD DEVIATION OF DIFFICULTY: 0.000086658314
[+] MEAN DIFFICULTIES BY CLASS:
    0 -> 0.498345
    1 -> 0.817004
    2 -> 0.913741
[+] STDDEV DIFFICULTIES BY CLASS:
    0 -> 0.000747
    1 -> 0.001958
    2 -> 0.002086
[+] STANDARD DEVIATION OF AB_FIT: 0.03443802
[Logging to /home/oblivia/Projects/roper/logs/17/03/26/roper_01-41-05.csv]

[00200:00]  0.576915 | ???????? || 0.576915 | 0.988078*
[00200:00]  0.470695 | 0.576915 || 0.576915 | 0.997276*
[00200:00]  0.576915 | 0.576915 || 0.983603*| 1.000000*
[00200:00]  0.438450 | 0.576915 || 0.995856*| 0.997020*
[+] CRASH RATE:  0.218543    [+] AVG GEN:     0.239746
[+] AVG FIT:     0.588997    [+] AVG AB_FIT:  0.665365
[+] MIN FIT:     0.141253    [+] MIN AB_FIT:  0.200000
[+] BEST FIT:    0.141253    [+] BEST AB_FIT: 0.200000  
[+] SEASONS ELAPSED: 1
[+] STANDARD DEVIATION OF DIFFICULTY: 0.000086658314
[+] MEAN DIFFICULTIES BY CLASS:
    0 -> 0.498345
    1 -> 0.817004
    2 -> 0.913741
[+] STDDEV DIFFICULTIES BY CLASS:
    0 -> 0.000747
    1 -> 0.001958
    2 -> 0.002086
[+] STANDARD DEVIATION OF AB_FIT: 0.034152165
[Logging to /home/oblivia/Projects/roper/logs/17/03/26/roper_01-41-05.csv]

[00204:00]  0.576915 | 0.576915 || 0.987522*| 0.993466*
[00204:00]  0.576915 | 0.576915 || 0.576915 | 1.000000*
[00204:00]  0.576915 | 0.576915 || 0.576915 | 1.000000*
[00204:00]  0.438450 | 0.576915 || 0.988238*| 0.991825*
[+] CRASH RATE:  0.214286    [+] AVG GEN:     0.245605
[+] AVG FIT:     0.589172    [+] AVG AB_FIT:  0.665391
[+] MIN FIT:     0.141253    [+] MIN AB_FIT:  0.200000
[+] BEST FIT:    0.141253    [+] BEST AB_FIT: 0.200000  
[+] SEASONS ELAPSED: 1
[+] STANDARD DEVIATION OF DIFFICULTY: 0.000086658314
[+] MEAN DIFFICULTIES BY CLASS:
    0 -> 0.498345
    1 -> 0.817004
    2 -> 0.913741
[+] STDDEV DIFFICULTIES BY CLASS:
    0 -> 0.000747
    1 -> 0.001958
    2 -> 0.002086
[+] STANDARD DEVIATION OF AB_FIT: 0.03381838
[Logging to /home/oblivia/Projects/roper/logs/17/03/26/roper_01-41-05.csv]

[00208:00]  0.438450 | ???????? || 0.576915 | 0.576915 
[00208:00]  0.438450 | 0.576915 || 0.576915 | 1.000000*
[00208:00]  0.576915 | 0.576915 || 0.609944*| 1.000000*
[00208:00]  0.993396*| 0.995378*|| 1.000000*| 1.000000*
[+] CRASH RATE:  0.217949    [+] AVG GEN:     0.250488
[+] AVG FIT:     0.591228    [+] AVG AB_FIT:  0.665407
[+] MIN FIT:     0.141253    [+] MIN AB_FIT:  0.200000
[+] BEST FIT:    0.141253    [+] BEST AB_FIT: 0.200000  
[+] SEASONS ELAPSED: 1
[+] STANDARD DEVIATION OF DIFFICULTY: 0.000086658314
[+] MEAN DIFFICULTIES BY CLASS:
    0 -> 0.498345
    1 -> 0.817004
    2 -> 0.913741
[+] STDDEV DIFFICULTIES BY CLASS:
    0 -> 0.000747
    1 -> 0.001958
    2 -> 0.002086
[+] STANDARD DEVIATION OF AB_FIT: 0.03360114
[Logging to /home/oblivia/Projects/roper/logs/17/03/26/roper_01-41-05.csv]

[00212:00]  0.576915 | 0.576915 || 0.995879*| 0.999941*
[00212:00]  0.438450 | ???????? || 0.990547*| 1.000000*
[00212:00]  0.470695 | 0.576915 || 0.576915 | 1.000000*
[00212:00]  0.470695 | 0.576915 || 0.576915 | 0.994683*
[+] CRASH RATE:  0.215190    [+] AVG GEN:     0.255371
[+] AVG FIT:     0.591194    [+] AVG AB_FIT:  0.665423
[+] MIN FIT:     0.141253    [+] MIN AB_FIT:  0.200000
[+] BEST FIT:    0.141253    [+] BEST AB_FIT: 0.200000  
[+] SEASONS ELAPSED: 1
[+] STANDARD DEVIATION OF DIFFICULTY: 0.000086658314
[+] MEAN DIFFICULTIES BY CLASS:
    0 -> 0.498345
    1 -> 0.817004
    2 -> 0.913741
[+] STDDEV DIFFICULTIES BY CLASS:
    0 -> 0.000747
    1 -> 0.001958
    2 -> 0.002086
[+] STANDARD DEVIATION OF AB_FIT: 0.033388123
[Logging to /home/oblivia/Projects/roper/logs/17/03/26/roper_01-41-05.csv]

[00216:00]  0.576915 | 0.994877*|| 1.000000*| 1.000000*
[00216:00]  0.576915 | ???????? || 0.576915 | 1.000000*
[00216:00]  0.438450 | 0.576915 || 0.576915 | 1.000000*
[00216:00]  0.438450 | 0.438450 || 1.000000*| 1.000000*
[+] CRASH RATE:  0.216301    [+] AVG GEN:     0.260742
[+] AVG FIT:     0.591898    [+] AVG AB_FIT:  0.665435
[+] MIN FIT:     0.141253    [+] MIN AB_FIT:  0.200000
[+] BEST FIT:    0.141253    [+] BEST AB_FIT: 0.200000  
[+] SEASONS ELAPSED: 1
[+] STANDARD DEVIATION OF DIFFICULTY: 0.000086658314
[+] MEAN DIFFICULTIES BY CLASS:
    0 -> 0.498345
    1 -> 0.817004
    2 -> 0.913741
[+] STDDEV DIFFICULTIES BY CLASS:
    0 -> 0.000747
    1 -> 0.001958
    2 -> 0.002086
[+] STANDARD DEVIATION OF AB_FIT: 0.033230964
[Logging to /home/oblivia/Projects/roper/logs/17/03/26/roper_01-41-05.csv]

[00220:00]  0.438450 | ???????? || 0.438450 | 0.576915 
[00220:00]  0.438450 | 0.576915 || 0.576915 | 0.576915 
[00220:00]  0.576915 | 0.996326*|| 0.997383*| 1.000000*
[00220:00]  0.438450 | ???????? || 1.000000*| 1.000000*
[+] CRASH RATE:  0.216049    [+] AVG GEN:     0.263672
[+] AVG FIT:     0.592088    [+] AVG AB_FIT:  0.665454
[+] MIN FIT:     0.141253    [+] MIN AB_FIT:  0.200000
[+] BEST FIT:    0.141253    [+] BEST AB_FIT: 0.200000  
[+] SEASONS ELAPSED: 1
[+] STANDARD DEVIATION OF DIFFICULTY: 0.000086658314
[+] MEAN DIFFICULTIES BY CLASS:
    0 -> 0.498345
    1 -> 0.817004
    2 -> 0.913741
[+] STDDEV DIFFICULTIES BY CLASS:
    0 -> 0.000747
    1 -> 0.001958
    2 -> 0.002086
[+] STANDARD DEVIATION OF AB_FIT: 0.032973852
[Logging to /home/oblivia/Projects/roper/logs/17/03/26/roper_01-41-05.csv]

[00224:00]  0.576915 | 0.576915 || 0.576915 | 0.576915 
[00224:00]  0.576915 | ???????? || 0.576915 | 0.576915 
[00224:00]  0.576915 | 0.576915 || 0.985176*| 1.000000*
[00224:00]  0.576915 | 0.985689*|| 1.000000*| 1.000000*
[+] CRASH RATE:  0.215805    [+] AVG GEN:     0.268555
[+] AVG FIT:     0.593503    [+] AVG AB_FIT:  0.665473
[+] MIN FIT:     0.141253    [+] MIN AB_FIT:  0.200000
[+] BEST FIT:    0.141253    [+] BEST AB_FIT: 0.200000  
[+] SEASONS ELAPSED: 1
[+] STANDARD DEVIATION OF DIFFICULTY: 0.000086658314
[+] MEAN DIFFICULTIES BY CLASS:
    0 -> 0.498345
    1 -> 0.817004
    2 -> 0.913741
[+] STDDEV DIFFICULTIES BY CLASS:
    0 -> 0.000747
    1 -> 0.001958
    2 -> 0.002086
[+] STANDARD DEVIATION OF AB_FIT: 0.032722734
[Logging to /home/oblivia/Projects/roper/logs/17/03/26/roper_01-41-05.csv]

[00228:00]  0.438450 | 0.576915 || 0.992418*| 1.000000*
[00228:00]  0.438450 | 0.470695 || 0.576915 | 1.000000*
[00228:00]  0.576915 | 0.984835*|| 0.997362*| 1.000000*
[00228:00]  0.438450 | 0.983677*|| 0.993471*| 0.996953*
[+] CRASH RATE:  0.219219    [+] AVG GEN:     0.273438
[+] AVG FIT:     0.595395    [+] AVG AB_FIT:  0.665487
[+] MIN FIT:     0.141253    [+] MIN AB_FIT:  0.200000
[+] BEST FIT:    0.141253    [+] BEST AB_FIT: 0.200000  
[+] SEASONS ELAPSED: 1
[+] STANDARD DEVIATION OF DIFFICULTY: 0.000086658314
[+] MEAN DIFFICULTIES BY CLASS:
    0 -> 0.498345
    1 -> 0.817004
    2 -> 0.913741
[+] STDDEV DIFFICULTIES BY CLASS:
    0 -> 0.000747
    1 -> 0.001958
    2 -> 0.002086
[+] STANDARD DEVIATION OF AB_FIT: 0.032525897
[Logging to /home/oblivia/Projects/roper/logs/17/03/26/roper_01-41-05.csv]

[00232:00]  0.438450 | 0.438450 || 0.470695 | 0.990304*
[00232:00]  0.438450 | ???????? || 0.576915 | 1.000000*
[00232:00]  0.996489*| 0.997884*|| 1.000000*| 1.000000*
[00232:00]  0.576915 | 0.990862*|| 0.990887*| 0.995277*
[+] CRASH RATE:  0.222552    [+] AVG GEN:     0.278320
[+] AVG FIT:     0.597220    [+] AVG AB_FIT:  0.665501
[+] MIN FIT:     0.141253    [+] MIN AB_FIT:  0.200000
[+] BEST FIT:    0.141253    [+] BEST AB_FIT: 0.200000  
[+] SEASONS ELAPSED: 1
[+] STANDARD DEVIATION OF DIFFICULTY: 0.000086658314
[+] MEAN DIFFICULTIES BY CLASS:
    0 -> 0.498345
    1 -> 0.817004
    2 -> 0.913741
[+] STDDEV DIFFICULTIES BY CLASS:
    0 -> 0.000747
    1 -> 0.001958
    2 -> 0.002086
[+] STANDARD DEVIATION OF AB_FIT: 0.032332547
[Logging to /home/oblivia/Projects/roper/logs/17/03/26/roper_01-41-05.csv]

[00236:00]  0.576915 | 0.576915 || 0.989919*| 1.000000*
[00236:00]  0.995999*| 0.996374*|| 0.996688*| 1.000000*
[00236:00]  0.576915 | 0.576915 || 0.987107*| 0.996257*
[00236:00]  0.576915 | 0.989121*|| 1.000000*| 1.000000*
[+] CRASH RATE:  0.224490    [+] AVG GEN:     0.282715
[+] AVG FIT:     0.599675    [+] AVG AB_FIT:  0.665522
[+] MIN FIT:     0.141253    [+] MIN AB_FIT:  0.200000
[+] BEST FIT:    0.141253    [+] BEST AB_FIT: 0.200000  
[+] SEASONS ELAPSED: 1
[+] STANDARD DEVIATION OF DIFFICULTY: 0.000086658314
[+] MEAN DIFFICULTIES BY CLASS:
    0 -> 0.498345
    1 -> 0.817004
    2 -> 0.913741
[+] STDDEV DIFFICULTIES BY CLASS:
    0 -> 0.000747
    1 -> 0.001958
    2 -> 0.002086
[+] STANDARD DEVIATION OF AB_FIT: 0.03204882
[Logging to /home/oblivia/Projects/roper/logs/17/03/26/roper_01-41-05.csv]

[00240:00]  0.470695 | 0.470695 || 0.576915 | 0.576915 
[00240:00]  0.576915 | 0.576915 || 0.995516*| 0.996536*
[00240:00]  0.576915 | 0.993057*|| 0.996318*| 1.000000*
[00240:00]  0.438450 | 0.576915 || 1.000000*| 1.000000*
[+] CRASH RATE:  0.222222    [+] AVG GEN:     0.287598
[+] AVG FIT:     0.599342    [+] AVG AB_FIT:  0.665548
[+] MIN FIT:     0.141253    [+] MIN AB_FIT:  0.200000
[+] BEST FIT:    0.141253    [+] BEST AB_FIT: 0.200000  
[+] SEASONS ELAPSED: 1
[+] STANDARD DEVIATION OF DIFFICULTY: 0.000086658314
[+] MEAN DIFFICULTIES BY CLASS:
    0 -> 0.498345
    1 -> 0.817004
    2 -> 0.913741
[+] STDDEV DIFFICULTIES BY CLASS:
    0 -> 0.000747
    1 -> 0.001958
    2 -> 0.002086
[+] STANDARD DEVIATION OF AB_FIT: 0.031681947
[Logging to /home/oblivia/Projects/roper/logs/17/03/26/roper_01-41-05.csv]

[00244:00]  0.438450 | ???????? || 0.576915 | 0.993398*
[00244:00]  0.438450 | 0.576915 || 0.576915 | 1.000000*
[00244:00]  0.576915 | 0.576915 || 0.576915 | 1.000000*
[00244:00]  0.211443 | 0.438450 || 0.576915 | 1.000000*
[+] CRASH RATE:  0.219101    [+] AVG GEN:     0.291016
[+] AVG FIT:     0.598233    [+] AVG AB_FIT:  0.665564
[+] MIN FIT:     0.141253    [+] MIN AB_FIT:  0.200000
[+] BEST FIT:    0.141253    [+] BEST AB_FIT: 0.200000  
[+] SEASONS ELAPSED: 1
[+] STANDARD DEVIATION OF DIFFICULTY: 0.000086658314
[+] MEAN DIFFICULTIES BY CLASS:
    0 -> 0.498345
    1 -> 0.817004
    2 -> 0.913741
[+] STDDEV DIFFICULTIES BY CLASS:
    0 -> 0.000747
    1 -> 0.001958
    2 -> 0.002086
[+] STANDARD DEVIATION OF AB_FIT: 0.031458978
[Logging to /home/oblivia/Projects/roper/logs/17/03/26/roper_01-41-05.csv]

[00248:00]  0.576915 | 0.576915 || 0.576915 | 0.994305*
[00248:00]  0.576915 | 0.576915 || 0.983776*| 0.991605*
[00248:00]  0.470695 | 0.576915 || 0.993459*| 1.000000*
[00248:00]  0.438450 | 0.576915 || 0.576915 | 1.000000*
[+] CRASH RATE:  0.215470    [+] AVG GEN:     0.298828
[+] AVG FIT:     0.597497    [+] AVG AB_FIT:  0.665582
[+] MIN FIT:     0.141253    [+] MIN AB_FIT:  0.200000
[+] BEST FIT:    0.141253    [+] BEST AB_FIT: 0.200000  
[+] SEASONS ELAPSED: 1
[+] STANDARD DEVIATION OF DIFFICULTY: 0.000086658314
[+] MEAN DIFFICULTIES BY CLASS:
    0 -> 0.498345
    1 -> 0.817004
    2 -> 0.913741
[+] STDDEV DIFFICULTIES BY CLASS:
    0 -> 0.000747
    1 -> 0.001958
    2 -> 0.002086
[+] STANDARD DEVIATION OF AB_FIT: 0.031197412
[Logging to /home/oblivia/Projects/roper/logs/17/03/26/roper_01-41-05.csv]

[00252:00]  0.576915 | 0.576915 || 0.576915 | 1.000000*
[00252:00]  0.576915 | 0.993057*|| 0.994873*| 0.995267*
[00252:00]  0.438450 | 0.576915 || 0.576915 | 0.998001*
[00252:00]  0.576915 | 0.576915 || 1.000000*| 1.000000*
[+] CRASH RATE:  0.212534    [+] AVG GEN:     0.307617
[+] AVG FIT:     0.597200    [+] AVG AB_FIT:  0.665597
[+] MIN FIT:     0.141253    [+] MIN AB_FIT:  0.200000
[+] BEST FIT:    0.141253    [+] BEST AB_FIT: 0.200000  
[+] SEASONS ELAPSED: 1
[+] STANDARD DEVIATION OF DIFFICULTY: 0.000086658314
[+] MEAN DIFFICULTIES BY CLASS:
    0 -> 0.498345
    1 -> 0.817004
    2 -> 0.913741
[+] STDDEV DIFFICULTIES BY CLASS:
    0 -> 0.000747
    1 -> 0.001958
    2 -> 0.002086
[+] STANDARD DEVIATION OF AB_FIT: 0.030984428
[Logging to /home/oblivia/Projects/roper/logs/17/03/26/roper_01-41-05.csv]

[00256:00]  0.576915 | 0.576915 || 0.576915 | 1.000000*
[00256:00]  0.576915 | 0.576915 || 0.991228*| 1.000000*
[00256:00]  0.576915 | 0.993333*|| 0.994298*| 1.000000*
[00256:00]  0.576915 | 0.576915 || 0.963701*| 0.999975*
==[ RESETTING PROBLEM DIFFICULTIES ]==
[+] CRASH RATE:  0.209115    [+] AVG GEN:     0.314941
[+] AVG FIT:     0.601932    [+] AVG AB_FIT:  0.665578
[+] MIN FIT:     0.141253    [+] MIN AB_FIT:  0.200000
[+] BEST FIT:    0.141253    [+] BEST AB_FIT: 0.200000  
[+] SEASONS ELAPSED: 2
[+] STANDARD DEVIATION OF DIFFICULTY: 0.00008535052
[+] MEAN DIFFICULTIES BY CLASS:
    0 -> 0.473575
    1 -> 0.794715
    2 -> 0.879366
[+] STDDEV DIFFICULTIES BY CLASS:
    0 -> 0.001398
    1 -> 0.001950
    2 -> 0.001735
[+] STANDARD DEVIATION OF AB_FIT: 0.030733358
[Logging to /home/oblivia/Projects/roper/logs/17/03/26/roper_01-41-05.csv]

[00260:00]  0.558027 | 0.558027 || 0.558027 | 0.558027 
[00260:00]  0.558027 | 0.558027 || 0.988316*| 0.996043*
[00260:00]  0.558027 | 0.558027 || 0.989332*| 1.000000*
[00260:00]  0.994443*| 1.000000*|| 1.000000*| 1.000000*
[+] CRASH RATE:  0.206349    [+] AVG GEN:     0.323242
[+] AVG FIT:     0.602655    [+] AVG AB_FIT:  0.665593
[+] MIN FIT:     0.141253    [+] MIN AB_FIT:  0.200000
[+] BEST FIT:    0.141253    [+] BEST AB_FIT: 0.200000  
[+] SEASONS ELAPSED: 2
[+] STANDARD DEVIATION OF DIFFICULTY: 0.00008535052
[+] MEAN DIFFICULTIES BY CLASS:
    0 -> 0.473575
    1 -> 0.794715
    2 -> 0.879366
[+] STDDEV DIFFICULTIES BY CLASS:
    0 -> 0.001398
    1 -> 0.001950
    2 -> 0.001735
[+] STANDARD DEVIATION OF AB_FIT: 0.030529682
[Logging to /home/oblivia/Projects/roper/logs/17/03/26/roper_01-41-05.csv]

[00264:00]  0.450980 | 0.558027 || 0.558027 | 0.558027 
[00264:00]  0.422763 | 0.558027 || 0.558027 | 0.995408*
[00264:00]  0.985515*| 0.994668*|| 1.000000*| 1.000000*
[00264:00]  0.558027 | ???????? || 0.558027 | 1.000000*
[+] CRASH RATE:  0.209424    [+] AVG GEN:     0.328125
[+] AVG FIT:     0.604062    [+] AVG AB_FIT:  0.665604
[+] MIN FIT:     0.141253    [+] MIN AB_FIT:  0.200000
[+] BEST FIT:    0.141253    [+] BEST AB_FIT: 0.200000  
[+] SEASONS ELAPSED: 2
[+] STANDARD DEVIATION OF DIFFICULTY: 0.00008535052
[+] MEAN DIFFICULTIES BY CLASS:
    0 -> 0.473575
    1 -> 0.794715
    2 -> 0.879366
[+] STDDEV DIFFICULTIES BY CLASS:
    0 -> 0.001398
    1 -> 0.001950
    2 -> 0.001735
[+] STANDARD DEVIATION OF AB_FIT: 0.030369582
[Logging to /home/oblivia/Projects/roper/logs/17/03/26/roper_01-41-05.csv]

[00268:00]  0.909024*| 0.988993*|| 1.000000*| 1.000000*
[00268:00]  0.422763 | ???????? || 0.558027 | 1.000000*
[00268:00]  0.558027 | 0.558027 || 0.558027 | 1.000000*
[00268:00]  0.558027 | 0.558027 || 0.558027 | 0.997466*
[+] CRASH RATE:  0.211886    [+] AVG GEN:     0.334473
[+] AVG FIT:     0.605491    [+] AVG AB_FIT:  0.665997
[+] MIN FIT:     0.141253    [+] MIN AB_FIT:  0.200000
[+] BEST FIT:    0.141253    [+] BEST AB_FIT: 0.200000  
[+] SEASONS ELAPSED: 2
[+] STANDARD DEVIATION OF DIFFICULTY: 0.00008535052
[+] MEAN DIFFICULTIES BY CLASS:
    0 -> 0.473575
    1 -> 0.794715
    2 -> 0.879366
[+] STDDEV DIFFICULTIES BY CLASS:
    0 -> 0.001398
    1 -> 0.001950
    2 -> 0.001735
[+] STANDARD DEVIATION OF AB_FIT: 0.031090911
[Logging to /home/oblivia/Projects/roper/logs/17/03/26/roper_01-41-05.csv]

[00272:00]  0.422763 | 0.450980 || 0.558027 | 0.999990*
[00272:00]  0.450980 | 0.558027 || 0.989221*| 1.000000*
[00272:00]  0.422763 | 0.558027 || 0.558027 | 0.996642*
[00272:00]  0.558027 | 0.993389*|| 0.994744*| 1.000000*
[+] CRASH RATE:  0.207692    [+] AVG GEN:     0.340332
[+] AVG FIT:     0.601141    [+] AVG AB_FIT:  0.666002
[+] MIN FIT:     0.141253    [+] MIN AB_FIT:  0.200000
[+] BEST FIT:    0.141253    [+] BEST AB_FIT: 0.200000  
[+] SEASONS ELAPSED: 2
[+] STANDARD DEVIATION OF DIFFICULTY: 0.00008535052
[+] MEAN DIFFICULTIES BY CLASS:
    0 -> 0.473575
    1 -> 0.794715
    2 -> 0.879366
[+] STDDEV DIFFICULTIES BY CLASS:
    0 -> 0.001398
    1 -> 0.001950
    2 -> 0.001735
[+] STANDARD DEVIATION OF AB_FIT: 0.030971194
[Logging to /home/oblivia/Projects/roper/logs/17/03/26/roper_01-41-05.csv]

[00276:00]  0.422763 | 0.558027 || 0.988293*| 0.993537*
[00276:00]  0.450980 | 0.558027 || 0.992197*| 0.994993*
[00276:00]  0.558027 | 0.992729*|| 1.000000*| 1.000000*
[00276:00]  0.558027 | 0.990996*|| 1.000000*| 1.000000*
[+] CRASH RATE:  0.207595    [+] AVG GEN:     0.346191
[+] AVG FIT:     0.603003    [+] AVG AB_FIT:  0.666010
[+] MIN FIT:     0.141253    [+] MIN AB_FIT:  0.200000
[+] BEST FIT:    0.141253    [+] BEST AB_FIT: 0.200000  
[+] SEASONS ELAPSED: 2
[+] STANDARD DEVIATION OF DIFFICULTY: 0.00008535052
[+] MEAN DIFFICULTIES BY CLASS:
    0 -> 0.473575
    1 -> 0.794715
    2 -> 0.879366
[+] STDDEV DIFFICULTIES BY CLASS:
    0 -> 0.001398
    1 -> 0.001950
    2 -> 0.001735
[+] STANDARD DEVIATION OF AB_FIT: 0.03077456
[Logging to /home/oblivia/Projects/roper/logs/17/03/26/roper_01-41-05.csv]

[00280:00]  0.558027 | ???????? || 0.558027 | 0.558027 
[00280:00]  0.558027 | 0.558027 || 0.991856*| 1.000000*
[00280:00]  0.558027 | 0.558027 || 1.000000*| 1.000000*
[00280:00]  0.558027 | 0.558027 || 0.994704*| 0.994817*
[+] CRASH RATE:  0.205514    [+] AVG GEN:     0.351074
[+] AVG FIT:     0.602000    [+] AVG AB_FIT:  0.666017
[+] MIN FIT:     0.141253    [+] MIN AB_FIT:  0.200000
[+] BEST FIT:    0.141253    [+] BEST AB_FIT: 0.200000  
[+] SEASONS ELAPSED: 2
[+] STANDARD DEVIATION OF DIFFICULTY: 0.00008535052
[+] MEAN DIFFICULTIES BY CLASS:
    0 -> 0.473575
    1 -> 0.794715
    2 -> 0.879366
[+] STDDEV DIFFICULTIES BY CLASS:
    0 -> 0.001398
    1 -> 0.001950
    2 -> 0.001735
[+] STANDARD DEVIATION OF AB_FIT: 0.03062002
[Logging to /home/oblivia/Projects/roper/logs/17/03/26/roper_01-41-05.csv]

[00284:00]  0.558027 | 0.558027 || 0.991233*| 1.000000*
[00284:00]  0.422763 | 0.713557*|| 0.986173*| 1.000000*
[00284:00]  0.558027 | 0.990014*|| 0.997394*| 1.000000*
[00284:00]  0.995720*| 0.996723*|| 1.000000*| 1.000000*
[+] CRASH RATE:  0.211302    [+] AVG GEN:     0.358887
[+] AVG FIT:     0.605892    [+] AVG AB_FIT:  0.665849
[+] MIN FIT:     0.141253    [+] MIN AB_FIT:  0.200000
[+] BEST FIT:    0.141253    [+] BEST AB_FIT: 0.200000  
[+] SEASONS ELAPSED: 2
[+] STANDARD DEVIATION OF DIFFICULTY: 0.00008535052
[+] MEAN DIFFICULTIES BY CLASS:
    0 -> 0.473575
    1 -> 0.794715
    2 -> 0.879366
[+] STDDEV DIFFICULTIES BY CLASS:
    0 -> 0.001398
    1 -> 0.001950
    2 -> 0.001735
[+] STANDARD DEVIATION OF AB_FIT: 0.030444572
[Logging to /home/oblivia/Projects/roper/logs/17/03/26/roper_01-41-05.csv]

[00288:00]  0.558027 | 0.558027 || 0.558027 | 0.558027 
[00288:00]  0.422763 | ???????? || 0.558027 | 0.997436*
[00288:00]  0.558027 | 0.997881*|| 0.998120*| 0.998475*
[00288:00]  0.985154*| 0.991941*|| 0.995607*| 0.995667*
[+] CRASH RATE:  0.216545    [+] AVG GEN:     0.364746
[+] AVG FIT:     0.609977    [+] AVG AB_FIT:  0.665857
[+] MIN FIT:     0.141253    [+] MIN AB_FIT:  0.200000
[+] BEST FIT:    0.141253    [+] BEST AB_FIT: 0.200000  
[+] SEASONS ELAPSED: 2
[+] STANDARD DEVIATION OF DIFFICULTY: 0.00008535052
[+] MEAN DIFFICULTIES BY CLASS:
    0 -> 0.473575
    1 -> 0.794715
    2 -> 0.879366
[+] STDDEV DIFFICULTIES BY CLASS:
    0 -> 0.001398
    1 -> 0.001950
    2 -> 0.001735
[+] STANDARD DEVIATION OF AB_FIT: 0.030296214
[Logging to /home/oblivia/Projects/roper/logs/17/03/26/roper_01-41-05.csv]

[00292:00]  0.989835*| ???????? || 0.997560*| 1.000000*
[00292:00]  0.450980 | 0.558027 || 0.558027 | 0.558027 
[00292:00]  0.422763 | 0.558027 || 0.558027 | 0.996947*
[00292:00]  0.558027 | 0.558027 || 0.996258*| 0.997459*
[+] CRASH RATE:  0.213942    [+] AVG GEN:     0.370605
[+] AVG FIT:     0.607838    [+] AVG AB_FIT:  0.665866
[+] MIN FIT:     0.141253    [+] MIN AB_FIT:  0.200000
[+] BEST FIT:    0.141253    [+] BEST AB_FIT: 0.200000  
[+] SEASONS ELAPSED: 2
[+] STANDARD DEVIATION OF DIFFICULTY: 0.00008535052
[+] MEAN DIFFICULTIES BY CLASS:
    0 -> 0.473575
    1 -> 0.794715
    2 -> 0.879366
[+] STDDEV DIFFICULTIES BY CLASS:
    0 -> 0.001398
    1 -> 0.001950
    2 -> 0.001735
[+] STANDARD DEVIATION OF AB_FIT: 0.03011366
[Logging to /home/oblivia/Projects/roper/logs/17/03/26/roper_01-41-05.csv]

[00296:00]  0.558027 | 0.558027 || 0.793626*| 1.000000*
[00296:00]  0.450980 | 0.450980 || 0.558027 | 0.988095*
[00296:00]  0.422763 | 0.558027 || 1.000000*| 1.000000*
[00296:00]  0.976073*| 0.993142*|| 0.994248*| 1.000000*
[+] CRASH RATE:  0.214286    [+] AVG GEN:     0.376953
[+] AVG FIT:     0.609375    [+] AVG AB_FIT:  0.665874
[+] MIN FIT:     0.141253    [+] MIN AB_FIT:  0.200000
[+] BEST FIT:    0.141253    [+] BEST AB_FIT: 0.200000  
[+] SEASONS ELAPSED: 2
[+] STANDARD DEVIATION OF DIFFICULTY: 0.00008535052
[+] MEAN DIFFICULTIES BY CLASS:
    0 -> 0.473575
    1 -> 0.794715
    2 -> 0.879366
[+] STDDEV DIFFICULTIES BY CLASS:
    0 -> 0.001398
    1 -> 0.001950
    2 -> 0.001735
[+] STANDARD DEVIATION OF AB_FIT: 0.029970068
[Logging to /home/oblivia/Projects/roper/logs/17/03/26/roper_01-41-05.csv]

[00300:00]  0.558027 | 0.558027 || 0.713557*| 0.999822*
[00300:00]  0.558027 | ???????? || 0.558027 | 0.558027 
[00300:00]  0.422763 | 0.558027 || 0.558027 | 0.558027 
[00300:00]  0.993475*| 0.994443*|| 0.997890*| 1.000000*
[+] CRASH RATE:  0.212410    [+] AVG GEN:     0.379395
[+] AVG FIT:     0.609390    [+] AVG AB_FIT:  0.665999
[+] MIN FIT:     0.141253    [+] MIN AB_FIT:  0.200000
[+] BEST FIT:    0.141253    [+] BEST AB_FIT: 0.200000  
[+] SEASONS ELAPSED: 2
[+] STANDARD DEVIATION OF DIFFICULTY: 0.00008535052
[+] MEAN DIFFICULTIES BY CLASS:
    0 -> 0.473575
    1 -> 0.794715
    2 -> 0.879366
[+] STDDEV DIFFICULTIES BY CLASS:
    0 -> 0.001398
    1 -> 0.001950
    2 -> 0.001735
[+] STANDARD DEVIATION OF AB_FIT: 0.029895607
[Logging to /home/oblivia/Projects/roper/logs/17/03/26/roper_01-41-05.csv]

[00304:00]  0.450980 | 0.989835*|| 1.000000*| 1.000000*
[00304:00]  0.558027 | 0.558027 || 0.558027 | 0.995099*
[00304:00]  0.422763 | 0.558027 || 0.558027 | 0.991978*
[00304:00]  0.969076*| 0.977501*|| 0.985294*| 0.997938*
[+] CRASH RATE:  0.214118    [+] AVG GEN:     0.384766
[+] AVG FIT:     0.610216    [+] AVG AB_FIT:  0.665946
[+] MIN FIT:     0.141253    [+] MIN AB_FIT:  0.200000
[+] BEST FIT:    0.141253    [+] BEST AB_FIT: 0.200000  
[+] SEASONS ELAPSED: 2
[+] STANDARD DEVIATION OF DIFFICULTY: 0.00008535052
[+] MEAN DIFFICULTIES BY CLASS:
    0 -> 0.473575
    1 -> 0.794715
    2 -> 0.879366
[+] STDDEV DIFFICULTIES BY CLASS:
    0 -> 0.001398
    1 -> 0.001950
    2 -> 0.001735
[+] STANDARD DEVIATION OF AB_FIT: 0.029710561
[Logging to /home/oblivia/Projects/roper/logs/17/03/26/roper_01-41-05.csv]

[00308:00]  0.450980 | 0.558027 || 0.990014*| 0.996571*
[00308:00]  0.422763 | ???????? || 0.422763 | 0.450980 
[00308:00]  0.422763 | 0.422763 || 0.992177*| 1.000000*
[00308:00]  0.450980 | 0.975569*|| 0.985423*| 0.995621*
[+] CRASH RATE:  0.210280    [+] AVG GEN:     0.389160
[+] AVG FIT:     0.607465    [+] AVG AB_FIT:  0.665998
[+] MIN FIT:     0.141253    [+] MIN AB_FIT:  0.200000
[+] BEST FIT:    0.141253    [+] BEST AB_FIT: 0.200000  
[+] SEASONS ELAPSED: 2
[+] STANDARD DEVIATION OF DIFFICULTY: 0.00008535052
[+] MEAN DIFFICULTIES BY CLASS:
    0 -> 0.473575
    1 -> 0.794715
    2 -> 0.879366
[+] STDDEV DIFFICULTIES BY CLASS:
    0 -> 0.001398
    1 -> 0.001950
    2 -> 0.001735
[+] STANDARD DEVIATION OF AB_FIT: 0.029591674
[Logging to /home/oblivia/Projects/roper/logs/17/03/26/roper_01-41-05.csv]

[00312:00]  0.512929 | ???????? || 0.558027 | 0.995698*
[00312:00]  0.558027 | 0.558027 || 0.996737*| 1.000000*
[00312:00]  0.422763 | 0.558027 || 0.986481*| 0.988960*
[00312:00]  0.422763 | 0.450980 || 0.982344*| 0.985316*
[+] CRASH RATE:  0.207373    [+] AVG GEN:     0.394043
[+] AVG FIT:     0.604805    [+] AVG AB_FIT:  0.666068
[+] MIN FIT:     0.141253    [+] MIN AB_FIT:  0.200000
[+] BEST FIT:    0.141253    [+] BEST AB_FIT: 0.200000  
[+] SEASONS ELAPSED: 2
[+] STANDARD DEVIATION OF DIFFICULTY: 0.00008535052
[+] MEAN DIFFICULTIES BY CLASS:
    0 -> 0.473575
    1 -> 0.794715
    2 -> 0.879366
[+] STDDEV DIFFICULTIES BY CLASS:
    0 -> 0.001398
    1 -> 0.001950
    2 -> 0.001735
[+] STANDARD DEVIATION OF AB_FIT: 0.029415697
[Logging to /home/oblivia/Projects/roper/logs/17/03/26/roper_01-41-05.csv]

[00316:00]  0.558027 | ???????? || 0.993257*| 0.997267*
[00316:00]  0.558027 | 0.996392*|| 1.000000*| 1.000000*
[00316:00]  0.558027 | 0.558027 || 1.000000*| 1.000000*
[00316:00]  0.049540 | 0.558027 || 1.000000*| 1.000000*
[+] CRASH RATE:  0.207763    [+] AVG GEN:     0.400879
[+] AVG FIT:     0.603643    [+] AVG AB_FIT:  0.664688
[+] MIN FIT:     0.049540    [+] MIN AB_FIT:  0.060000
[+] BEST FIT:    0.049540    [+] BEST AB_FIT: 0.060000  
[+] SEASONS ELAPSED: 2
[+] STANDARD DEVIATION OF DIFFICULTY: 0.00008535052
[+] MEAN DIFFICULTIES BY CLASS:
    0 -> 0.473575
    1 -> 0.794715
    2 -> 0.879366
[+] STDDEV DIFFICULTIES BY CLASS:
    0 -> 0.001398
    1 -> 0.001950
    2 -> 0.001735
[+] STANDARD DEVIATION OF AB_FIT: 0.04115958
[Logging to /home/oblivia/Projects/roper/logs/17/03/26/roper_01-41-05.csv]
=> 320 ITERATIONS
=> BEST (ABSOLUTE) FIT: Some(0.06)
=> RUNNING BEST:

